[0.066s] Invoking command in '/home/ubuntu/abdi/build/abdi_pkg': CMAKE_PREFIX_PATH=${CMAKE_PREFIX_PATH}:/opt/ros/jazzy /usr/bin/cmake --build /home/ubuntu/abdi/build/abdi_pkg -- -j4 -l4
[0.232s] -- Found ament_cmake: 2.5.4 (/opt/ros/jazzy/share/ament_cmake/cmake)
[1.314s] -- Found rclcpp: 28.1.11 (/opt/ros/jazzy/share/rclcpp/cmake)
[1.500s] -- Found rosidl_generator_c: 4.6.6 (/opt/ros/jazzy/share/rosidl_generator_c/cmake)
[1.544s] -- Found rosidl_generator_cpp: 4.6.6 (/opt/ros/jazzy/share/rosidl_generator_cpp/cmake)
[1.597s] -- Using all available rosidl_typesupport_c: rosidl_typesupport_fastrtps_c;rosidl_typesupport_introspection_c
[1.658s] -- Using all available rosidl_typesupport_cpp: rosidl_typesupport_fastrtps_cpp;rosidl_typesupport_introspection_cpp
[1.927s] -- Found rmw_implementation_cmake: 7.3.2 (/opt/ros/jazzy/share/rmw_implementation_cmake/cmake)
[1.933s] -- Found rmw_fastrtps_cpp: 8.4.3 (/opt/ros/jazzy/share/rmw_fastrtps_cpp/cmake)
[2.244s] -- Using RMW implementation 'rmw_fastrtps_cpp' as default
[2.499s] -- Found rclcpp_action: 28.1.11 (/opt/ros/jazzy/share/rclcpp_action/cmake)
[2.657s] -- Found tf2: 0.36.14 (/opt/ros/jazzy/share/tf2/cmake)
[2.796s] -- Found nav2_msgs: 1.3.7 (/opt/ros/jazzy/share/nav2_msgs/cmake)
[3.208s] -- Found irobot_create_msgs: 3.0.0 (/opt/ros/jazzy/share/irobot_create_msgs/cmake)
[3.324s] -- Found ament_lint_auto: 0.17.3 (/opt/ros/jazzy/share/ament_lint_auto/cmake)
[3.786s] -- Added test 'cppcheck' to perform static code analysis on C / C++ code
[3.787s] -- Configured cppcheck include dirs: $<BUILD_INTERFACE:/home/ubuntu/abdi/src/abdi_pkg/include>
[3.787s] -- Configured cppcheck exclude dirs and/or files: 
[3.789s] -- Added test 'flake8' to check Python code syntax and style conventions
[3.790s] -- Configured 'flake8' exclude dirs and/or files: 
[3.793s] -- Added test 'lint_cmake' to check CMake code style
[3.796s] -- Added test 'pep257' to check Python code against some of the docstring style conventions in PEP 257
[3.807s] -- Added test 'uncrustify' to check C / C++ code style
[3.807s] -- Configured uncrustify additional arguments: 
[3.810s] -- Added test 'xmllint' to check XML markup files
[3.814s] -- Configuring done (3.6s)
[3.903s] -- Generating done (0.0s)
[3.929s] -- Build files have been written to: /home/ubuntu/abdi/build/abdi_pkg
[4.036s] gmake[2]: Warning: File 'CMakeFiles/abdinode.dir/flags.make' has modification time 9514 s in the future
[4.125s] gmake[2]: warning:  Clock skew detected.  Your build may be incomplete.
[4.142s] gmake[2]: Warning: File 'CMakeFiles/abdinode.dir/flags.make' has modification time 9514 s in the future
[4.218s] [ 50%] [32mBuilding CXX object CMakeFiles/abdinode.dir/src/abdinode.cpp.o[0m
[30.339s] [100%] [32m[1mLinking CXX executable abdinode[0m
[32.039s] gmake[2]: warning:  Clock skew detected.  Your build may be incomplete.
[32.101s] [100%] Built target abdinode
[32.169s] Invoked command in '/home/ubuntu/abdi/build/abdi_pkg' returned '0': CMAKE_PREFIX_PATH=${CMAKE_PREFIX_PATH}:/opt/ros/jazzy /usr/bin/cmake --build /home/ubuntu/abdi/build/abdi_pkg -- -j4 -l4
[32.235s] Invoking command in '/home/ubuntu/abdi/build/abdi_pkg': CMAKE_PREFIX_PATH=${CMAKE_PREFIX_PATH}:/opt/ros/jazzy /usr/bin/cmake --install /home/ubuntu/abdi/build/abdi_pkg
[32.291s] -- Install configuration: ""
[32.292s] -- Installing: /home/ubuntu/abdi/install/abdi_pkg/lib/abdi_pkg/abdinode
[32.310s] -- Set non-toolchain portion of runtime path of "/home/ubuntu/abdi/install/abdi_pkg/lib/abdi_pkg/abdinode" to ""
[32.311s] -- Up-to-date: /home/ubuntu/abdi/install/abdi_pkg/share/abdi_pkg/launch
[32.311s] -- Up-to-date: /home/ubuntu/abdi/install/abdi_pkg/share/abdi_pkg/launch/navigation.launch.py
[32.312s] -- Up-to-date: /home/ubuntu/abdi/install/abdi_pkg/share/abdi_pkg/launch/localization.launch.py
[32.313s] -- Up-to-date: /home/ubuntu/abdi/install/abdi_pkg/share/abdi_pkg/launch/uts_nav.launch.py
[32.313s] -- Up-to-date: /home/ubuntu/abdi/install/abdi_pkg/share/abdi_pkg/config
[32.314s] -- Up-to-date: /home/ubuntu/abdi/install/abdi_pkg/share/abdi_pkg/config/nav2_params.yaml
[32.314s] -- Up-to-date: /home/ubuntu/abdi/install/abdi_pkg/share/abdi_pkg/config/localization.yaml
[32.315s] -- Up-to-date: /home/ubuntu/abdi/install/abdi_pkg/share/abdi_pkg/maps
[32.315s] -- Up-to-date: /home/ubuntu/abdi/install/abdi_pkg/share/abdi_pkg/maps/abdi.pgm
[32.316s] -- Up-to-date: /home/ubuntu/abdi/install/abdi_pkg/share/abdi_pkg/maps/abdi.yaml
[32.316s] -- Up-to-date: /home/ubuntu/abdi/install/abdi_pkg/share/abdi_pkg/maps/RichardUTS.pgm
[32.317s] -- Installing: /home/ubuntu/abdi/install/abdi_pkg/share/abdi_pkg/maps/RichardUTS.yaml
[32.317s] -- Up-to-date: /home/ubuntu/abdi/install/abdi_pkg/share/ament_index/resource_index/package_run_dependencies/abdi_pkg
[32.317s] -- Up-to-date: /home/ubuntu/abdi/install/abdi_pkg/share/ament_index/resource_index/parent_prefix_path/abdi_pkg
[32.319s] -- Up-to-date: /home/ubuntu/abdi/install/abdi_pkg/share/abdi_pkg/environment/ament_prefix_path.sh
[32.319s] -- Up-to-date: /home/ubuntu/abdi/install/abdi_pkg/share/abdi_pkg/environment/ament_prefix_path.dsv
[32.320s] -- Up-to-date: /home/ubuntu/abdi/install/abdi_pkg/share/abdi_pkg/environment/path.sh
[32.320s] -- Up-to-date: /home/ubuntu/abdi/install/abdi_pkg/share/abdi_pkg/environment/path.dsv
[32.321s] -- Up-to-date: /home/ubuntu/abdi/install/abdi_pkg/share/abdi_pkg/local_setup.bash
[32.321s] -- Up-to-date: /home/ubuntu/abdi/install/abdi_pkg/share/abdi_pkg/local_setup.sh
[32.322s] -- Up-to-date: /home/ubuntu/abdi/install/abdi_pkg/share/abdi_pkg/local_setup.zsh
[32.322s] -- Up-to-date: /home/ubuntu/abdi/install/abdi_pkg/share/abdi_pkg/local_setup.dsv
[32.323s] -- Installing: /home/ubuntu/abdi/install/abdi_pkg/share/abdi_pkg/package.dsv
[32.323s] -- Up-to-date: /home/ubuntu/abdi/install/abdi_pkg/share/ament_index/resource_index/packages/abdi_pkg
[32.324s] -- Up-to-date: /home/ubuntu/abdi/install/abdi_pkg/share/abdi_pkg/cmake/abdi_pkgConfig.cmake
[32.325s] -- Up-to-date: /home/ubuntu/abdi/install/abdi_pkg/share/abdi_pkg/cmake/abdi_pkgConfig-version.cmake
[32.326s] -- Up-to-date: /home/ubuntu/abdi/install/abdi_pkg/share/abdi_pkg/package.xml
[32.328s] Invoked command in '/home/ubuntu/abdi/build/abdi_pkg' returned '0': CMAKE_PREFIX_PATH=${CMAKE_PREFIX_PATH}:/opt/ros/jazzy /usr/bin/cmake --install /home/ubuntu/abdi/build/abdi_pkg
