[0.124s] Invoking command in '/home/ubuntu/abdi/build/abdi_pkg': CMAKE_PREFIX_PATH=${CMAKE_PREFIX_PATH}:/opt/ros/jazzy /usr/bin/cmake --build /home/ubuntu/abdi/build/abdi_pkg -- -j4 -l4
[0.438s] gmake: Warning: File 'Makefile' has modification time 10849 s in the future
[0.732s] -- Found ament_cmake: 2.5.4 (/opt/ros/jazzy/share/ament_cmake/cmake)
[2.062s] -- Found rclcpp: 28.1.11 (/opt/ros/jazzy/share/rclcpp/cmake)
[2.346s] -- Found rosidl_generator_c: 4.6.6 (/opt/ros/jazzy/share/rosidl_generator_c/cmake)
[2.420s] -- Found rosidl_generator_cpp: 4.6.6 (/opt/ros/jazzy/share/rosidl_generator_cpp/cmake)
[2.511s] -- Using all available rosidl_typesupport_c: rosidl_typesupport_fastrtps_c;rosidl_typesupport_introspection_c
[2.619s] -- Using all available rosidl_typesupport_cpp: rosidl_typesupport_fastrtps_cpp;rosidl_typesupport_introspection_cpp
[3.023s] -- Found rmw_implementation_cmake: 7.3.2 (/opt/ros/jazzy/share/rmw_implementation_cmake/cmake)
[3.035s] -- Found rmw_fastrtps_cpp: 8.4.3 (/opt/ros/jazzy/share/rmw_fastrtps_cpp/cmake)
[3.473s] -- Using RMW implementation 'rmw_fastrtps_cpp' as default
[3.868s] -- Found rclcpp_action: 28.1.11 (/opt/ros/jazzy/share/rclcpp_action/cmake)
[4.113s] -- Found tf2: 0.36.14 (/opt/ros/jazzy/share/tf2/cmake)
[4.347s] -- Found nav2_msgs: 1.3.7 (/opt/ros/jazzy/share/nav2_msgs/cmake)
[4.884s] -- Found irobot_create_msgs: 3.0.0 (/opt/ros/jazzy/share/irobot_create_msgs/cmake)
[5.045s] -- Found ament_lint_auto: 0.17.3 (/opt/ros/jazzy/share/ament_lint_auto/cmake)
[5.599s] -- Added test 'cppcheck' to perform static code analysis on C / C++ code
[5.600s] -- Configured cppcheck include dirs: $<BUILD_INTERFACE:/home/ubuntu/abdi/src/abdi_pkg/include>
[5.601s] -- Configured cppcheck exclude dirs and/or files: 
[5.608s] -- Added test 'flake8' to check Python code syntax and style conventions
[5.610s] -- Configured 'flake8' exclude dirs and/or files: 
[5.614s] -- Added test 'lint_cmake' to check CMake code style
[5.618s] -- Added test 'pep257' to check Python code against some of the docstring style conventions in PEP 257
[5.628s] -- Added test 'uncrustify' to check C / C++ code style
[5.629s] -- Configured uncrustify additional arguments: 
[5.634s] -- Added test 'xmllint' to check XML markup files
[5.645s] -- Configuring done (5.0s)
[5.899s] -- Generating done (0.2s)
[6.027s] -- Build files have been written to: /home/ubuntu/abdi/build/abdi_pkg
[6.159s] gmake[2]: Warning: File 'CMakeFiles/abdinode.dir/flags.make' has modification time 10337 s in the future
[6.260s] gmake[2]: warning:  Clock skew detected.  Your build may be incomplete.
[6.279s] gmake[2]: Warning: File 'CMakeFiles/abdinode.dir/flags.make' has modification time 10336 s in the future
[6.573s] [ 50%] [32mBuilding CXX object CMakeFiles/abdinode.dir/src/abdinode.cpp.o[0m
[37.686s] [100%] [32m[1mLinking CXX executable abdinode[0m
[39.887s] gmake[2]: warning:  Clock skew detected.  Your build may be incomplete.
[39.951s] [100%] Built target abdinode
[40.017s] gmake: warning:  Clock skew detected.  Your build may be incomplete.
[40.025s] Invoked command in '/home/ubuntu/abdi/build/abdi_pkg' returned '0': CMAKE_PREFIX_PATH=${CMAKE_PREFIX_PATH}:/opt/ros/jazzy /usr/bin/cmake --build /home/ubuntu/abdi/build/abdi_pkg -- -j4 -l4
[40.096s] Invoking command in '/home/ubuntu/abdi/build/abdi_pkg': CMAKE_PREFIX_PATH=${CMAKE_PREFIX_PATH}:/opt/ros/jazzy /usr/bin/cmake --install /home/ubuntu/abdi/build/abdi_pkg
[40.153s] -- Install configuration: ""
[40.159s] -- Installing: /home/ubuntu/abdi/install/abdi_pkg/lib/abdi_pkg/abdinode
[40.179s] -- Set non-toolchain portion of runtime path of "/home/ubuntu/abdi/install/abdi_pkg/lib/abdi_pkg/abdinode" to ""
[40.182s] -- Up-to-date: /home/ubuntu/abdi/install/abdi_pkg/share/abdi_pkg/launch
[40.183s] -- Up-to-date: /home/ubuntu/abdi/install/abdi_pkg/share/abdi_pkg/launch/navigation.launch.py
[40.184s] -- Up-to-date: /home/ubuntu/abdi/install/abdi_pkg/share/abdi_pkg/launch/localization.launch.py
[40.185s] -- Up-to-date: /home/ubuntu/abdi/install/abdi_pkg/share/abdi_pkg/launch/uts_nav.launch.py
[40.186s] -- Up-to-date: /home/ubuntu/abdi/install/abdi_pkg/share/abdi_pkg/config
[40.186s] -- Up-to-date: /home/ubuntu/abdi/install/abdi_pkg/share/abdi_pkg/config/nav2_params.yaml
[40.187s] -- Up-to-date: /home/ubuntu/abdi/install/abdi_pkg/share/abdi_pkg/config/localization.yaml
[40.188s] -- Up-to-date: /home/ubuntu/abdi/install/abdi_pkg/share/abdi_pkg/maps
[40.188s] -- Up-to-date: /home/ubuntu/abdi/install/abdi_pkg/share/abdi_pkg/maps/abdi.pgm
[40.189s] -- Up-to-date: /home/ubuntu/abdi/install/abdi_pkg/share/abdi_pkg/maps/abdi.yaml
[40.189s] -- Up-to-date: /home/ubuntu/abdi/install/abdi_pkg/share/ament_index/resource_index/package_run_dependencies/abdi_pkg
[40.190s] -- Up-to-date: /home/ubuntu/abdi/install/abdi_pkg/share/ament_index/resource_index/parent_prefix_path/abdi_pkg
[40.191s] -- Up-to-date: /home/ubuntu/abdi/install/abdi_pkg/share/abdi_pkg/environment/ament_prefix_path.sh
[40.192s] -- Up-to-date: /home/ubuntu/abdi/install/abdi_pkg/share/abdi_pkg/environment/ament_prefix_path.dsv
[40.192s] -- Up-to-date: /home/ubuntu/abdi/install/abdi_pkg/share/abdi_pkg/environment/path.sh
[40.193s] -- Up-to-date: /home/ubuntu/abdi/install/abdi_pkg/share/abdi_pkg/environment/path.dsv
[40.194s] -- Up-to-date: /home/ubuntu/abdi/install/abdi_pkg/share/abdi_pkg/local_setup.bash
[40.195s] -- Up-to-date: /home/ubuntu/abdi/install/abdi_pkg/share/abdi_pkg/local_setup.sh
[40.196s] -- Up-to-date: /home/ubuntu/abdi/install/abdi_pkg/share/abdi_pkg/local_setup.zsh
[40.196s] -- Up-to-date: /home/ubuntu/abdi/install/abdi_pkg/share/abdi_pkg/local_setup.dsv
[40.197s] -- Installing: /home/ubuntu/abdi/install/abdi_pkg/share/abdi_pkg/package.dsv
[40.198s] -- Up-to-date: /home/ubuntu/abdi/install/abdi_pkg/share/ament_index/resource_index/packages/abdi_pkg
[40.199s] -- Up-to-date: /home/ubuntu/abdi/install/abdi_pkg/share/abdi_pkg/cmake/abdi_pkgConfig.cmake
[40.200s] -- Up-to-date: /home/ubuntu/abdi/install/abdi_pkg/share/abdi_pkg/cmake/abdi_pkgConfig-version.cmake
[40.201s] -- Up-to-date: /home/ubuntu/abdi/install/abdi_pkg/share/abdi_pkg/package.xml
[40.209s] Invoked command in '/home/ubuntu/abdi/build/abdi_pkg' returned '0': CMAKE_PREFIX_PATH=${CMAKE_PREFIX_PATH}:/opt/ros/jazzy /usr/bin/cmake --install /home/ubuntu/abdi/build/abdi_pkg
