[0.068s] Invoking command in '/home/ubuntu/abdi/build/abdi_pkg': CMAKE_PREFIX_PATH=${CMAKE_PREFIX_PATH}:/opt/ros/jazzy /usr/bin/cmake --build /home/ubuntu/abdi/build/abdi_pkg -- -j4 -l4
[0.258s] -- Found ament_cmake: 2.5.4 (/opt/ros/jazzy/share/ament_cmake/cmake)
[1.460s] -- Found rclcpp: 28.1.11 (/opt/ros/jazzy/share/rclcpp/cmake)
[1.668s] -- Found rosidl_generator_c: 4.6.6 (/opt/ros/jazzy/share/rosidl_generator_c/cmake)
[1.718s] -- Found rosidl_generator_cpp: 4.6.6 (/opt/ros/jazzy/share/rosidl_generator_cpp/cmake)
[1.781s] -- Using all available rosidl_typesupport_c: rosidl_typesupport_fastrtps_c;rosidl_typesupport_introspection_c
[1.855s] -- Using all available rosidl_typesupport_cpp: rosidl_typesupport_fastrtps_cpp;rosidl_typesupport_introspection_cpp
[2.164s] -- Found rmw_implementation_cmake: 7.3.2 (/opt/ros/jazzy/share/rmw_implementation_cmake/cmake)
[2.172s] -- Found rmw_fastrtps_cpp: 8.4.3 (/opt/ros/jazzy/share/rmw_fastrtps_cpp/cmake)
[2.519s] -- Using RMW implementation 'rmw_fastrtps_cpp' as default
[2.803s] -- Found rclcpp_action: 28.1.11 (/opt/ros/jazzy/share/rclcpp_action/cmake)
[2.979s] -- Found tf2: 0.36.14 (/opt/ros/jazzy/share/tf2/cmake)
[3.132s] -- Found nav2_msgs: 1.3.7 (/opt/ros/jazzy/share/nav2_msgs/cmake)
[3.567s] -- Found irobot_create_msgs: 3.0.0 (/opt/ros/jazzy/share/irobot_create_msgs/cmake)
[3.690s] -- Found ament_lint_auto: 0.17.3 (/opt/ros/jazzy/share/ament_lint_auto/cmake)
[4.203s] -- Added test 'cppcheck' to perform static code analysis on C / C++ code
[4.204s] -- Configured cppcheck include dirs: $<BUILD_INTERFACE:/home/ubuntu/abdi/src/abdi_pkg/include>
[4.205s] -- Configured cppcheck exclude dirs and/or files: 
[4.208s] -- Added test 'flake8' to check Python code syntax and style conventions
[4.209s] -- Configured 'flake8' exclude dirs and/or files: 
[4.211s] -- Added test 'lint_cmake' to check CMake code style
[4.214s] -- Added test 'pep257' to check Python code against some of the docstring style conventions in PEP 257
[4.224s] -- Added test 'uncrustify' to check C / C++ code style
[4.225s] -- Configured uncrustify additional arguments: 
[4.227s] -- Added test 'xmllint' to check XML markup files
[4.231s] -- Configuring done (4.0s)
[4.330s] -- Generating done (0.1s)
[4.355s] -- Build files have been written to: /home/ubuntu/abdi/build/abdi_pkg
[4.595s] gmake[2]: Warning: File '/opt/ros/jazzy/include/action_msgs/action_msgs/msg/detail/goal_info__builder.hpp' has modification time 2998035 s in the future
[4.680s] [ 50%] [32mBuilding CXX object CMakeFiles/abdinode.dir/src/abdinode.cpp.o[0m
[33.856s] [100%] [32m[1mLinking CXX executable abdinode[0m
[35.769s] gmake[2]: warning:  Clock skew detected.  Your build may be incomplete.
[35.838s] [100%] Built target abdinode
[35.914s] Invoked command in '/home/ubuntu/abdi/build/abdi_pkg' returned '0': CMAKE_PREFIX_PATH=${CMAKE_PREFIX_PATH}:/opt/ros/jazzy /usr/bin/cmake --build /home/ubuntu/abdi/build/abdi_pkg -- -j4 -l4
[35.986s] Invoking command in '/home/ubuntu/abdi/build/abdi_pkg': CMAKE_PREFIX_PATH=${CMAKE_PREFIX_PATH}:/opt/ros/jazzy /usr/bin/cmake --install /home/ubuntu/abdi/build/abdi_pkg
[36.050s] -- Install configuration: ""
[36.052s] -- Installing: /home/ubuntu/abdi/install/abdi_pkg/lib/abdi_pkg/abdinode
[36.073s] -- Set non-toolchain portion of runtime path of "/home/ubuntu/abdi/install/abdi_pkg/lib/abdi_pkg/abdinode" to ""
[36.074s] -- Installing: /home/ubuntu/abdi/install/abdi_pkg/share/abdi_pkg/launch
[36.074s] -- Installing: /home/ubuntu/abdi/install/abdi_pkg/share/abdi_pkg/launch/navigation.launch.py
[36.075s] -- Installing: /home/ubuntu/abdi/install/abdi_pkg/share/abdi_pkg/launch/localization.launch.py
[36.076s] -- Installing: /home/ubuntu/abdi/install/abdi_pkg/share/abdi_pkg/launch/uts_nav.launch.py
[36.077s] -- Installing: /home/ubuntu/abdi/install/abdi_pkg/share/abdi_pkg/config
[36.078s] -- Installing: /home/ubuntu/abdi/install/abdi_pkg/share/abdi_pkg/config/nav2_params.yaml
[36.079s] -- Installing: /home/ubuntu/abdi/install/abdi_pkg/share/abdi_pkg/config/localization.yaml
[36.080s] -- Installing: /home/ubuntu/abdi/install/abdi_pkg/share/abdi_pkg/maps
[36.080s] -- Installing: /home/ubuntu/abdi/install/abdi_pkg/share/abdi_pkg/maps/abdi.pgm
[36.088s] -- Installing: /home/ubuntu/abdi/install/abdi_pkg/share/abdi_pkg/maps/abdi.yaml
[36.089s] -- Up-to-date: /home/ubuntu/abdi/install/abdi_pkg/share/ament_index/resource_index/package_run_dependencies/abdi_pkg
[36.089s] -- Up-to-date: /home/ubuntu/abdi/install/abdi_pkg/share/ament_index/resource_index/parent_prefix_path/abdi_pkg
[36.090s] -- Up-to-date: /home/ubuntu/abdi/install/abdi_pkg/share/abdi_pkg/environment/ament_prefix_path.sh
[36.090s] -- Up-to-date: /home/ubuntu/abdi/install/abdi_pkg/share/abdi_pkg/environment/ament_prefix_path.dsv
[36.093s] -- Up-to-date: /home/ubuntu/abdi/install/abdi_pkg/share/abdi_pkg/environment/path.sh
[36.093s] -- Up-to-date: /home/ubuntu/abdi/install/abdi_pkg/share/abdi_pkg/environment/path.dsv
[36.094s] -- Up-to-date: /home/ubuntu/abdi/install/abdi_pkg/share/abdi_pkg/local_setup.bash
[36.094s] -- Up-to-date: /home/ubuntu/abdi/install/abdi_pkg/share/abdi_pkg/local_setup.sh
[36.100s] -- Up-to-date: /home/ubuntu/abdi/install/abdi_pkg/share/abdi_pkg/local_setup.zsh
[36.101s] -- Up-to-date: /home/ubuntu/abdi/install/abdi_pkg/share/abdi_pkg/local_setup.dsv
[36.101s] -- Installing: /home/ubuntu/abdi/install/abdi_pkg/share/abdi_pkg/package.dsv
[36.102s] -- Up-to-date: /home/ubuntu/abdi/install/abdi_pkg/share/ament_index/resource_index/packages/abdi_pkg
[36.105s] -- Up-to-date: /home/ubuntu/abdi/install/abdi_pkg/share/abdi_pkg/cmake/abdi_pkgConfig.cmake
[36.106s] -- Up-to-date: /home/ubuntu/abdi/install/abdi_pkg/share/abdi_pkg/cmake/abdi_pkgConfig-version.cmake
[36.107s] -- Up-to-date: /home/ubuntu/abdi/install/abdi_pkg/share/abdi_pkg/package.xml
[36.109s] Invoked command in '/home/ubuntu/abdi/build/abdi_pkg' returned '0': CMAKE_PREFIX_PATH=${CMAKE_PREFIX_PATH}:/opt/ros/jazzy /usr/bin/cmake --install /home/ubuntu/abdi/build/abdi_pkg
