[0.479s] DEBUG:colcon:Command line arguments: ['/usr/bin/colcon', 'build']
[0.479s] DEBUG:colcon:Parsed command line arguments: Namespace(log_base=None, log_level=None, verb_name='build', build_base='build', install_base='install', merge_install=False, symlink_install=False, test_result_base=None, continue_on_error=False, executor='parallel', parallel_workers=4, event_handlers=None, ignore_user_meta=False, metas=['./colcon.meta'], base_paths=['.'], packages_ignore=None, packages_ignore_regex=None, paths=None, packages_up_to=None, packages_up_to_regex=None, packages_above=None, packages_above_and_dependencies=None, packages_above_depth=None, packages_select_by_dep=None, packages_skip_by_dep=None, packages_skip_up_to=None, packages_select_build_failed=False, packages_skip_build_finished=False, packages_select_test_failures=False, packages_skip_test_passed=False, packages_select=None, packages_skip=None, packages_select_regex=None, packages_skip_regex=None, packages_start=None, packages_end=None, cmake_args=None, cmake_target=None, cmake_target_skip_unavailable=False, cmake_clean_cache=False, cmake_clean_first=False, cmake_force_configure=False, ament_cmake_args=None, catkin_cmake_args=None, catkin_skip_building_tests=False, verb_parser=<colcon_defaults.argument_parser.defaults.DefaultArgumentsDecorator object at 0xffff82655a00>, verb_extension=<colcon_core.verb.build.BuildVerb object at 0xffff825d7890>, main=<bound method BuildVerb.main of <colcon_core.verb.build.BuildVerb object at 0xffff825d7890>>)
[0.664s] Level 1:colcon.colcon_core.package_discovery:discover_packages(colcon_meta) check parameters
[0.664s] Level 1:colcon.colcon_core.package_discovery:discover_packages(recursive) check parameters
[0.665s] Level 1:colcon.colcon_core.package_discovery:discover_packages(ignore) check parameters
[0.665s] Level 1:colcon.colcon_core.package_discovery:discover_packages(path) check parameters
[0.665s] Level 1:colcon.colcon_core.package_discovery:discover_packages(colcon_meta) discover
[0.665s] Level 1:colcon.colcon_core.package_discovery:discover_packages(recursive) discover
[0.665s] INFO:colcon.colcon_core.package_discovery:Crawling recursively for packages in '/home/ubuntu/abdi'
[0.666s] Level 1:colcon.colcon_core.package_identification:_identify(.) by extensions ['ignore', 'ignore_ament_install']
[0.666s] Level 1:colcon.colcon_core.package_identification:_identify(.) by extension 'ignore'
[0.666s] Level 1:colcon.colcon_core.package_identification:_identify(.) by extension 'ignore_ament_install'
[0.667s] Level 1:colcon.colcon_core.package_identification:_identify(.) by extensions ['colcon_pkg']
[0.667s] Level 1:colcon.colcon_core.package_identification:_identify(.) by extension 'colcon_pkg'
[0.667s] Level 1:colcon.colcon_core.package_identification:_identify(.) by extensions ['colcon_meta']
[0.667s] Level 1:colcon.colcon_core.package_identification:_identify(.) by extension 'colcon_meta'
[0.667s] Level 1:colcon.colcon_core.package_identification:_identify(.) by extensions ['ros']
[0.667s] Level 1:colcon.colcon_core.package_identification:_identify(.) by extension 'ros'
[0.778s] Level 1:colcon.colcon_core.package_identification:_identify(.) by extensions ['cmake', 'python']
[0.778s] Level 1:colcon.colcon_core.package_identification:_identify(.) by extension 'cmake'
[0.778s] Level 1:colcon.colcon_core.package_identification:_identify(.) by extension 'python'
[0.778s] Level 1:colcon.colcon_core.package_identification:_identify(.) by extensions ['python_setup_py']
[0.778s] Level 1:colcon.colcon_core.package_identification:_identify(.) by extension 'python_setup_py'
[0.779s] Level 1:colcon.colcon_core.package_identification:_identify(build) by extensions ['ignore', 'ignore_ament_install']
[0.779s] Level 1:colcon.colcon_core.package_identification:_identify(build) by extension 'ignore'
[0.779s] Level 1:colcon.colcon_core.package_identification:_identify(build) ignored
[0.780s] Level 1:colcon.colcon_core.package_identification:_identify(install) by extensions ['ignore', 'ignore_ament_install']
[0.780s] Level 1:colcon.colcon_core.package_identification:_identify(install) by extension 'ignore'
[0.781s] Level 1:colcon.colcon_core.package_identification:_identify(install) ignored
[0.781s] Level 1:colcon.colcon_core.package_identification:_identify(log) by extensions ['ignore', 'ignore_ament_install']
[0.781s] Level 1:colcon.colcon_core.package_identification:_identify(log) by extension 'ignore'
[0.782s] Level 1:colcon.colcon_core.package_identification:_identify(log) ignored
[0.782s] Level 1:colcon.colcon_core.package_identification:_identify(src) by extensions ['ignore', 'ignore_ament_install']
[0.783s] Level 1:colcon.colcon_core.package_identification:_identify(src) by extension 'ignore'
[0.783s] Level 1:colcon.colcon_core.package_identification:_identify(src) by extension 'ignore_ament_install'
[0.784s] Level 1:colcon.colcon_core.package_identification:_identify(src) by extensions ['colcon_pkg']
[0.784s] Level 1:colcon.colcon_core.package_identification:_identify(src) by extension 'colcon_pkg'
[0.784s] Level 1:colcon.colcon_core.package_identification:_identify(src) by extensions ['colcon_meta']
[0.784s] Level 1:colcon.colcon_core.package_identification:_identify(src) by extension 'colcon_meta'
[0.784s] Level 1:colcon.colcon_core.package_identification:_identify(src) by extensions ['ros']
[0.784s] Level 1:colcon.colcon_core.package_identification:_identify(src) by extension 'ros'
[0.785s] Level 1:colcon.colcon_core.package_identification:_identify(src) by extensions ['cmake', 'python']
[0.785s] Level 1:colcon.colcon_core.package_identification:_identify(src) by extension 'cmake'
[0.785s] Level 1:colcon.colcon_core.package_identification:_identify(src) by extension 'python'
[0.785s] Level 1:colcon.colcon_core.package_identification:_identify(src) by extensions ['python_setup_py']
[0.785s] Level 1:colcon.colcon_core.package_identification:_identify(src) by extension 'python_setup_py'
[0.786s] Level 1:colcon.colcon_core.package_identification:_identify(src/abdi_pkg) by extensions ['ignore', 'ignore_ament_install']
[0.786s] Level 1:colcon.colcon_core.package_identification:_identify(src/abdi_pkg) by extension 'ignore'
[0.786s] Level 1:colcon.colcon_core.package_identification:_identify(src/abdi_pkg) by extension 'ignore_ament_install'
[0.787s] Level 1:colcon.colcon_core.package_identification:_identify(src/abdi_pkg) by extensions ['colcon_pkg']
[0.787s] Level 1:colcon.colcon_core.package_identification:_identify(src/abdi_pkg) by extension 'colcon_pkg'
[0.787s] Level 1:colcon.colcon_core.package_identification:_identify(src/abdi_pkg) by extensions ['colcon_meta']
[0.787s] Level 1:colcon.colcon_core.package_identification:_identify(src/abdi_pkg) by extension 'colcon_meta'
[0.787s] Level 1:colcon.colcon_core.package_identification:_identify(src/abdi_pkg) by extensions ['ros']
[0.787s] Level 1:colcon.colcon_core.package_identification:_identify(src/abdi_pkg) by extension 'ros'
[0.797s] DEBUG:colcon.colcon_core.package_identification:Package 'src/abdi_pkg' with type 'ros.ament_cmake' and name 'abdi_pkg'
[0.797s] Level 1:colcon.colcon_core.package_discovery:discover_packages(recursive) using defaults
[0.797s] Level 1:colcon.colcon_core.package_discovery:discover_packages(ignore) discover
[0.798s] Level 1:colcon.colcon_core.package_discovery:discover_packages(ignore) using defaults
[0.798s] Level 1:colcon.colcon_core.package_discovery:discover_packages(path) discover
[0.798s] Level 1:colcon.colcon_core.package_discovery:discover_packages(path) using defaults
[0.876s] Level 5:colcon.colcon_core.verb:set package 'abdi_pkg' build argument 'cmake_args' from command line to 'None'
[0.876s] Level 5:colcon.colcon_core.verb:set package 'abdi_pkg' build argument 'cmake_target' from command line to 'None'
[0.876s] Level 5:colcon.colcon_core.verb:set package 'abdi_pkg' build argument 'cmake_target_skip_unavailable' from command line to 'False'
[0.877s] Level 5:colcon.colcon_core.verb:set package 'abdi_pkg' build argument 'cmake_clean_cache' from command line to 'False'
[0.877s] Level 5:colcon.colcon_core.verb:set package 'abdi_pkg' build argument 'cmake_clean_first' from command line to 'False'
[0.877s] Level 5:colcon.colcon_core.verb:set package 'abdi_pkg' build argument 'cmake_force_configure' from command line to 'False'
[0.877s] Level 5:colcon.colcon_core.verb:set package 'abdi_pkg' build argument 'ament_cmake_args' from command line to 'None'
[0.877s] Level 5:colcon.colcon_core.verb:set package 'abdi_pkg' build argument 'catkin_cmake_args' from command line to 'None'
[0.877s] Level 5:colcon.colcon_core.verb:set package 'abdi_pkg' build argument 'catkin_skip_building_tests' from command line to 'False'
[0.878s] DEBUG:colcon.colcon_core.verb:Building package 'abdi_pkg' with the following arguments: {'ament_cmake_args': None, 'build_base': '/home/ubuntu/abdi/build/abdi_pkg', 'catkin_cmake_args': None, 'catkin_skip_building_tests': False, 'cmake_args': None, 'cmake_clean_cache': False, 'cmake_clean_first': False, 'cmake_force_configure': False, 'cmake_target': None, 'cmake_target_skip_unavailable': False, 'install_base': '/home/ubuntu/abdi/install/abdi_pkg', 'merge_install': False, 'path': '/home/ubuntu/abdi/src/abdi_pkg', 'symlink_install': False, 'test_result_base': None}
[0.878s] INFO:colcon.colcon_core.executor:Executing jobs using 'parallel' executor
[0.882s] DEBUG:colcon.colcon_parallel_executor.executor.parallel:run_until_complete
[0.883s] INFO:colcon.colcon_ros.task.ament_cmake.build:Building ROS package in '/home/ubuntu/abdi/src/abdi_pkg' with build type 'ament_cmake'
[0.883s] INFO:colcon.colcon_cmake.task.cmake.build:Building CMake package in '/home/ubuntu/abdi/src/abdi_pkg'
[0.893s] INFO:colcon.colcon_core.plugin_system:Skipping extension 'colcon_core.shell.bat': Not used on non-Windows systems
[0.893s] DEBUG:colcon.colcon_core.shell:Skip shell extension 'dsv' for command environment
[0.950s] DEBUG:colcon.colcon_core.event_handler.log_command:Invoking command in '/home/ubuntu/abdi/build/abdi_pkg': CMAKE_PREFIX_PATH=${CMAKE_PREFIX_PATH}:/opt/ros/jazzy /usr/bin/cmake --build /home/ubuntu/abdi/build/abdi_pkg -- -j4 -l4
[33.053s] DEBUG:colcon.colcon_core.event_handler.log_command:Invoked command in '/home/ubuntu/abdi/build/abdi_pkg' returned '0': CMAKE_PREFIX_PATH=${CMAKE_PREFIX_PATH}:/opt/ros/jazzy /usr/bin/cmake --build /home/ubuntu/abdi/build/abdi_pkg -- -j4 -l4
[33.119s] DEBUG:colcon.colcon_core.event_handler.log_command:Invoking command in '/home/ubuntu/abdi/build/abdi_pkg': CMAKE_PREFIX_PATH=${CMAKE_PREFIX_PATH}:/opt/ros/jazzy /usr/bin/cmake --install /home/ubuntu/abdi/build/abdi_pkg
[33.210s] Level 1:colcon.colcon_core.environment:create_environment_scripts_only(abdi_pkg)
[33.212s] DEBUG:colcon.colcon_core.event_handler.log_command:Invoked command in '/home/ubuntu/abdi/build/abdi_pkg' returned '0': CMAKE_PREFIX_PATH=${CMAKE_PREFIX_PATH}:/opt/ros/jazzy /usr/bin/cmake --install /home/ubuntu/abdi/build/abdi_pkg
[33.221s] Level 1:colcon.colcon_core.environment:checking '/home/ubuntu/abdi/install/abdi_pkg' for CMake module files
[33.227s] Level 1:colcon.colcon_core.environment:checking '/home/ubuntu/abdi/install/abdi_pkg' for CMake config files
[33.229s] Level 1:colcon.colcon_core.shell:create_environment_hook('abdi_pkg', 'cmake_prefix_path')
[33.230s] INFO:colcon.colcon_core.shell:Creating environment descriptor '/home/ubuntu/abdi/install/abdi_pkg/share/abdi_pkg/hook/cmake_prefix_path.dsv'
[33.233s] INFO:colcon.colcon_core.shell:Creating environment hook '/home/ubuntu/abdi/install/abdi_pkg/share/abdi_pkg/hook/cmake_prefix_path.sh'
[33.236s] Level 1:colcon.colcon_core.environment:checking '/home/ubuntu/abdi/install/abdi_pkg/lib'
[33.237s] Level 1:colcon.colcon_core.environment:checking '/home/ubuntu/abdi/install/abdi_pkg/bin'
[33.238s] Level 1:colcon.colcon_core.environment:checking '/home/ubuntu/abdi/install/abdi_pkg/lib/pkgconfig/abdi_pkg.pc'
[33.246s] Level 1:colcon.colcon_core.environment:checking '/home/ubuntu/abdi/install/abdi_pkg/lib/python3.12/site-packages'
[33.247s] Level 1:colcon.colcon_core.environment:checking '/home/ubuntu/abdi/install/abdi_pkg/bin'
[33.248s] INFO:colcon.colcon_core.shell:Creating package descriptor '/home/ubuntu/abdi/install/abdi_pkg/share/abdi_pkg/package.dsv'
[33.250s] INFO:colcon.colcon_core.shell:Creating package script '/home/ubuntu/abdi/install/abdi_pkg/share/abdi_pkg/package.sh'
[33.253s] INFO:colcon.colcon_core.shell:Creating package script '/home/ubuntu/abdi/install/abdi_pkg/share/abdi_pkg/package.bash'
[33.257s] INFO:colcon.colcon_core.shell:Creating package script '/home/ubuntu/abdi/install/abdi_pkg/share/abdi_pkg/package.zsh'
[33.260s] Level 1:colcon.colcon_core.environment:create_file_with_runtime_dependencies(/home/ubuntu/abdi/install/abdi_pkg/share/colcon-core/packages/abdi_pkg)
[33.263s] Level 1:colcon.colcon_core.environment:create_environment_scripts_only(abdi_pkg)
[33.264s] Level 1:colcon.colcon_core.environment:checking '/home/ubuntu/abdi/install/abdi_pkg' for CMake module files
[33.267s] Level 1:colcon.colcon_core.environment:checking '/home/ubuntu/abdi/install/abdi_pkg' for CMake config files
[33.268s] Level 1:colcon.colcon_core.shell:create_environment_hook('abdi_pkg', 'cmake_prefix_path')
[33.269s] INFO:colcon.colcon_core.shell:Creating environment descriptor '/home/ubuntu/abdi/install/abdi_pkg/share/abdi_pkg/hook/cmake_prefix_path.dsv'
[33.271s] INFO:colcon.colcon_core.shell:Creating environment hook '/home/ubuntu/abdi/install/abdi_pkg/share/abdi_pkg/hook/cmake_prefix_path.sh'
[33.274s] Level 1:colcon.colcon_core.environment:checking '/home/ubuntu/abdi/install/abdi_pkg/lib'
[33.275s] Level 1:colcon.colcon_core.environment:checking '/home/ubuntu/abdi/install/abdi_pkg/bin'
[33.275s] Level 1:colcon.colcon_core.environment:checking '/home/ubuntu/abdi/install/abdi_pkg/lib/pkgconfig/abdi_pkg.pc'
[33.276s] Level 1:colcon.colcon_core.environment:checking '/home/ubuntu/abdi/install/abdi_pkg/lib/python3.12/site-packages'
[33.276s] Level 1:colcon.colcon_core.environment:checking '/home/ubuntu/abdi/install/abdi_pkg/bin'
[33.277s] INFO:colcon.colcon_core.shell:Creating package descriptor '/home/ubuntu/abdi/install/abdi_pkg/share/abdi_pkg/package.dsv'
[33.279s] INFO:colcon.colcon_core.shell:Creating package script '/home/ubuntu/abdi/install/abdi_pkg/share/abdi_pkg/package.sh'
[33.282s] INFO:colcon.colcon_core.shell:Creating package script '/home/ubuntu/abdi/install/abdi_pkg/share/abdi_pkg/package.bash'
[33.284s] INFO:colcon.colcon_core.shell:Creating package script '/home/ubuntu/abdi/install/abdi_pkg/share/abdi_pkg/package.zsh'
[33.286s] Level 1:colcon.colcon_core.environment:create_file_with_runtime_dependencies(/home/ubuntu/abdi/install/abdi_pkg/share/colcon-core/packages/abdi_pkg)
[33.287s] DEBUG:colcon.colcon_parallel_executor.executor.parallel:closing loop
[33.288s] DEBUG:colcon.colcon_parallel_executor.executor.parallel:loop closed
[33.288s] DEBUG:colcon.colcon_parallel_executor.executor.parallel:run_until_complete finished with '0'
[33.290s] DEBUG:colcon.colcon_core.event_reactor:joining thread
[33.314s] INFO:colcon.colcon_core.plugin_system:Skipping extension 'colcon_notification.desktop_notification.notify_send': Could not find 'notify-send'
[33.315s] INFO:colcon.colcon_core.plugin_system:Skipping extension 'colcon_notification.desktop_notification.terminal_notifier': Not used on non-Darwin systems
[33.315s] INFO:colcon.colcon_core.plugin_system:Skipping extension 'colcon_notification.desktop_notification.win32': Not used on non-Windows systems
[33.315s] INFO:colcon.colcon_notification.desktop_notification:Sending desktop notification using 'notify2'
[33.319s] DEBUG:colcon.colcon_notification.desktop_notification.notify2:Failed to initialize notify2: org.freedesktop.DBus.Error.ServiceUnknown: The name org.freedesktop.Notifications was not provided by any .service files
[33.320s] DEBUG:colcon.colcon_core.event_reactor:joined thread
[33.321s] INFO:colcon.colcon_core.shell:Creating prefix script '/home/ubuntu/abdi/install/local_setup.sh'
[33.323s] INFO:colcon.colcon_core.shell:Creating prefix util module '/home/ubuntu/abdi/install/_local_setup_util_sh.py'
[33.328s] INFO:colcon.colcon_core.shell:Creating prefix chain script '/home/ubuntu/abdi/install/setup.sh'
[33.332s] INFO:colcon.colcon_core.shell:Creating prefix script '/home/ubuntu/abdi/install/local_setup.bash'
[33.335s] INFO:colcon.colcon_core.shell:Creating prefix chain script '/home/ubuntu/abdi/install/setup.bash'
[33.340s] INFO:colcon.colcon_core.shell:Creating prefix script '/home/ubuntu/abdi/install/local_setup.zsh'
[33.343s] INFO:colcon.colcon_core.shell:Creating prefix chain script '/home/ubuntu/abdi/install/setup.zsh'
