[0.563s] DEBUG:colcon:Command line arguments: ['/usr/bin/colcon', 'build']
[0.563s] DEBUG:colcon:Parsed command line arguments: Namespace(log_base=None, log_level=None, verb_name='build', build_base='build', install_base='install', merge_install=False, symlink_install=False, test_result_base=None, continue_on_error=False, executor='parallel', parallel_workers=4, event_handlers=None, ignore_user_meta=False, metas=['./colcon.meta'], base_paths=['.'], packages_ignore=None, packages_ignore_regex=None, paths=None, packages_up_to=None, packages_up_to_regex=None, packages_above=None, packages_above_and_dependencies=None, packages_above_depth=None, packages_select_by_dep=None, packages_skip_by_dep=None, packages_skip_up_to=None, packages_select_build_failed=False, packages_skip_build_finished=False, packages_select_test_failures=False, packages_skip_test_passed=False, packages_select=None, packages_skip=None, packages_select_regex=None, packages_skip_regex=None, packages_start=None, packages_end=None, cmake_args=None, cmake_target=None, cmake_target_skip_unavailable=False, cmake_clean_cache=False, cmake_clean_first=False, cmake_force_configure=False, ament_cmake_args=None, catkin_cmake_args=None, catkin_skip_building_tests=False, verb_parser=<colcon_defaults.argument_parser.defaults.DefaultArgumentsDecorator object at 0xffff89749a30>, verb_extension=<colcon_core.verb.build.BuildVerb object at 0xffff896cb8f0>, main=<bound method BuildVerb.main of <colcon_core.verb.build.BuildVerb object at 0xffff896cb8f0>>)
[0.781s] Level 1:colcon.colcon_core.package_discovery:discover_packages(colcon_meta) check parameters
[0.782s] Level 1:colcon.colcon_core.package_discovery:discover_packages(recursive) check parameters
[0.782s] Level 1:colcon.colcon_core.package_discovery:discover_packages(ignore) check parameters
[0.782s] Level 1:colcon.colcon_core.package_discovery:discover_packages(path) check parameters
[0.782s] Level 1:colcon.colcon_core.package_discovery:discover_packages(colcon_meta) discover
[0.782s] Level 1:colcon.colcon_core.package_discovery:discover_packages(recursive) discover
[0.782s] INFO:colcon.colcon_core.package_discovery:Crawling recursively for packages in '/home/ubuntu/abdi'
[0.783s] Level 1:colcon.colcon_core.package_identification:_identify(.) by extensions ['ignore', 'ignore_ament_install']
[0.783s] Level 1:colcon.colcon_core.package_identification:_identify(.) by extension 'ignore'
[0.784s] Level 1:colcon.colcon_core.package_identification:_identify(.) by extension 'ignore_ament_install'
[0.784s] Level 1:colcon.colcon_core.package_identification:_identify(.) by extensions ['colcon_pkg']
[0.784s] Level 1:colcon.colcon_core.package_identification:_identify(.) by extension 'colcon_pkg'
[0.784s] Level 1:colcon.colcon_core.package_identification:_identify(.) by extensions ['colcon_meta']
[0.784s] Level 1:colcon.colcon_core.package_identification:_identify(.) by extension 'colcon_meta'
[0.784s] Level 1:colcon.colcon_core.package_identification:_identify(.) by extensions ['ros']
[0.785s] Level 1:colcon.colcon_core.package_identification:_identify(.) by extension 'ros'
[0.911s] Level 1:colcon.colcon_core.package_identification:_identify(.) by extensions ['cmake', 'python']
[0.911s] Level 1:colcon.colcon_core.package_identification:_identify(.) by extension 'cmake'
[0.911s] Level 1:colcon.colcon_core.package_identification:_identify(.) by extension 'python'
[0.912s] Level 1:colcon.colcon_core.package_identification:_identify(.) by extensions ['python_setup_py']
[0.912s] Level 1:colcon.colcon_core.package_identification:_identify(.) by extension 'python_setup_py'
[0.912s] Level 1:colcon.colcon_core.package_identification:_identify(build) by extensions ['ignore', 'ignore_ament_install']
[0.913s] Level 1:colcon.colcon_core.package_identification:_identify(build) by extension 'ignore'
[0.913s] Level 1:colcon.colcon_core.package_identification:_identify(build) ignored
[0.913s] Level 1:colcon.colcon_core.package_identification:_identify(install) by extensions ['ignore', 'ignore_ament_install']
[0.914s] Level 1:colcon.colcon_core.package_identification:_identify(install) by extension 'ignore'
[0.914s] Level 1:colcon.colcon_core.package_identification:_identify(install) ignored
[0.914s] Level 1:colcon.colcon_core.package_identification:_identify(log) by extensions ['ignore', 'ignore_ament_install']
[0.915s] Level 1:colcon.colcon_core.package_identification:_identify(log) by extension 'ignore'
[0.915s] Level 1:colcon.colcon_core.package_identification:_identify(log) ignored
[0.916s] Level 1:colcon.colcon_core.package_identification:_identify(src) by extensions ['ignore', 'ignore_ament_install']
[0.916s] Level 1:colcon.colcon_core.package_identification:_identify(src) by extension 'ignore'
[0.916s] Level 1:colcon.colcon_core.package_identification:_identify(src) by extension 'ignore_ament_install'
[0.917s] Level 1:colcon.colcon_core.package_identification:_identify(src) by extensions ['colcon_pkg']
[0.917s] Level 1:colcon.colcon_core.package_identification:_identify(src) by extension 'colcon_pkg'
[0.917s] Level 1:colcon.colcon_core.package_identification:_identify(src) by extensions ['colcon_meta']
[0.917s] Level 1:colcon.colcon_core.package_identification:_identify(src) by extension 'colcon_meta'
[0.917s] Level 1:colcon.colcon_core.package_identification:_identify(src) by extensions ['ros']
[0.917s] Level 1:colcon.colcon_core.package_identification:_identify(src) by extension 'ros'
[0.917s] Level 1:colcon.colcon_core.package_identification:_identify(src) by extensions ['cmake', 'python']
[0.918s] Level 1:colcon.colcon_core.package_identification:_identify(src) by extension 'cmake'
[0.918s] Level 1:colcon.colcon_core.package_identification:_identify(src) by extension 'python'
[0.918s] Level 1:colcon.colcon_core.package_identification:_identify(src) by extensions ['python_setup_py']
[0.918s] Level 1:colcon.colcon_core.package_identification:_identify(src) by extension 'python_setup_py'
[0.918s] Level 1:colcon.colcon_core.package_identification:_identify(src/abdi_pkg) by extensions ['ignore', 'ignore_ament_install']
[0.919s] Level 1:colcon.colcon_core.package_identification:_identify(src/abdi_pkg) by extension 'ignore'
[0.919s] Level 1:colcon.colcon_core.package_identification:_identify(src/abdi_pkg) by extension 'ignore_ament_install'
[0.920s] Level 1:colcon.colcon_core.package_identification:_identify(src/abdi_pkg) by extensions ['colcon_pkg']
[0.920s] Level 1:colcon.colcon_core.package_identification:_identify(src/abdi_pkg) by extension 'colcon_pkg'
[0.920s] Level 1:colcon.colcon_core.package_identification:_identify(src/abdi_pkg) by extensions ['colcon_meta']
[0.920s] Level 1:colcon.colcon_core.package_identification:_identify(src/abdi_pkg) by extension 'colcon_meta'
[0.920s] Level 1:colcon.colcon_core.package_identification:_identify(src/abdi_pkg) by extensions ['ros']
[0.920s] Level 1:colcon.colcon_core.package_identification:_identify(src/abdi_pkg) by extension 'ros'
[0.932s] DEBUG:colcon.colcon_core.package_identification:Package 'src/abdi_pkg' with type 'ros.ament_cmake' and name 'abdi_pkg'
[0.933s] Level 1:colcon.colcon_core.package_discovery:discover_packages(recursive) using defaults
[0.933s] Level 1:colcon.colcon_core.package_discovery:discover_packages(ignore) discover
[0.933s] Level 1:colcon.colcon_core.package_discovery:discover_packages(ignore) using defaults
[0.933s] Level 1:colcon.colcon_core.package_discovery:discover_packages(path) discover
[0.933s] Level 1:colcon.colcon_core.package_discovery:discover_packages(path) using defaults
[1.021s] Level 5:colcon.colcon_core.verb:set package 'abdi_pkg' build argument 'cmake_args' from command line to 'None'
[1.022s] Level 5:colcon.colcon_core.verb:set package 'abdi_pkg' build argument 'cmake_target' from command line to 'None'
[1.022s] Level 5:colcon.colcon_core.verb:set package 'abdi_pkg' build argument 'cmake_target_skip_unavailable' from command line to 'False'
[1.022s] Level 5:colcon.colcon_core.verb:set package 'abdi_pkg' build argument 'cmake_clean_cache' from command line to 'False'
[1.022s] Level 5:colcon.colcon_core.verb:set package 'abdi_pkg' build argument 'cmake_clean_first' from command line to 'False'
[1.022s] Level 5:colcon.colcon_core.verb:set package 'abdi_pkg' build argument 'cmake_force_configure' from command line to 'False'
[1.022s] Level 5:colcon.colcon_core.verb:set package 'abdi_pkg' build argument 'ament_cmake_args' from command line to 'None'
[1.022s] Level 5:colcon.colcon_core.verb:set package 'abdi_pkg' build argument 'catkin_cmake_args' from command line to 'None'
[1.022s] Level 5:colcon.colcon_core.verb:set package 'abdi_pkg' build argument 'catkin_skip_building_tests' from command line to 'False'
[1.023s] DEBUG:colcon.colcon_core.verb:Building package 'abdi_pkg' with the following arguments: {'ament_cmake_args': None, 'build_base': '/home/ubuntu/abdi/build/abdi_pkg', 'catkin_cmake_args': None, 'catkin_skip_building_tests': False, 'cmake_args': None, 'cmake_clean_cache': False, 'cmake_clean_first': False, 'cmake_force_configure': False, 'cmake_target': None, 'cmake_target_skip_unavailable': False, 'install_base': '/home/ubuntu/abdi/install/abdi_pkg', 'merge_install': False, 'path': '/home/ubuntu/abdi/src/abdi_pkg', 'symlink_install': False, 'test_result_base': None}
[1.023s] INFO:colcon.colcon_core.executor:Executing jobs using 'parallel' executor
[1.030s] DEBUG:colcon.colcon_parallel_executor.executor.parallel:run_until_complete
[1.031s] INFO:colcon.colcon_ros.task.ament_cmake.build:Building ROS package in '/home/ubuntu/abdi/src/abdi_pkg' with build type 'ament_cmake'
[1.032s] INFO:colcon.colcon_cmake.task.cmake.build:Building CMake package in '/home/ubuntu/abdi/src/abdi_pkg'
[1.043s] INFO:colcon.colcon_core.plugin_system:Skipping extension 'colcon_core.shell.bat': Not used on non-Windows systems
[1.044s] DEBUG:colcon.colcon_core.shell:Skip shell extension 'dsv' for command environment
[1.101s] DEBUG:colcon.colcon_core.event_handler.log_command:Invoking command in '/home/ubuntu/abdi/build/abdi_pkg': CMAKE_PREFIX_PATH=${CMAKE_PREFIX_PATH}:/opt/ros/jazzy /usr/bin/cmake --build /home/ubuntu/abdi/build/abdi_pkg -- -j4 -l4
[36.947s] DEBUG:colcon.colcon_core.event_handler.log_command:Invoked command in '/home/ubuntu/abdi/build/abdi_pkg' returned '0': CMAKE_PREFIX_PATH=${CMAKE_PREFIX_PATH}:/opt/ros/jazzy /usr/bin/cmake --build /home/ubuntu/abdi/build/abdi_pkg -- -j4 -l4
[37.019s] DEBUG:colcon.colcon_core.event_handler.log_command:Invoking command in '/home/ubuntu/abdi/build/abdi_pkg': CMAKE_PREFIX_PATH=${CMAKE_PREFIX_PATH}:/opt/ros/jazzy /usr/bin/cmake --install /home/ubuntu/abdi/build/abdi_pkg
[37.141s] Level 1:colcon.colcon_core.environment:create_environment_scripts_only(abdi_pkg)
[37.142s] DEBUG:colcon.colcon_core.event_handler.log_command:Invoked command in '/home/ubuntu/abdi/build/abdi_pkg' returned '0': CMAKE_PREFIX_PATH=${CMAKE_PREFIX_PATH}:/opt/ros/jazzy /usr/bin/cmake --install /home/ubuntu/abdi/build/abdi_pkg
[37.152s] Level 1:colcon.colcon_core.environment:checking '/home/ubuntu/abdi/install/abdi_pkg' for CMake module files
[37.157s] Level 1:colcon.colcon_core.environment:checking '/home/ubuntu/abdi/install/abdi_pkg' for CMake config files
[37.160s] Level 1:colcon.colcon_core.shell:create_environment_hook('abdi_pkg', 'cmake_prefix_path')
[37.161s] INFO:colcon.colcon_core.shell:Creating environment descriptor '/home/ubuntu/abdi/install/abdi_pkg/share/abdi_pkg/hook/cmake_prefix_path.dsv'
[37.163s] INFO:colcon.colcon_core.shell:Creating environment hook '/home/ubuntu/abdi/install/abdi_pkg/share/abdi_pkg/hook/cmake_prefix_path.sh'
[37.168s] Level 1:colcon.colcon_core.environment:checking '/home/ubuntu/abdi/install/abdi_pkg/lib'
[37.169s] Level 1:colcon.colcon_core.environment:checking '/home/ubuntu/abdi/install/abdi_pkg/bin'
[37.170s] Level 1:colcon.colcon_core.environment:checking '/home/ubuntu/abdi/install/abdi_pkg/lib/pkgconfig/abdi_pkg.pc'
[37.179s] Level 1:colcon.colcon_core.environment:checking '/home/ubuntu/abdi/install/abdi_pkg/lib/python3.12/site-packages'
[37.180s] Level 1:colcon.colcon_core.environment:checking '/home/ubuntu/abdi/install/abdi_pkg/bin'
[37.181s] INFO:colcon.colcon_core.shell:Creating package descriptor '/home/ubuntu/abdi/install/abdi_pkg/share/abdi_pkg/package.dsv'
[37.183s] INFO:colcon.colcon_core.shell:Creating package script '/home/ubuntu/abdi/install/abdi_pkg/share/abdi_pkg/package.sh'
[37.187s] INFO:colcon.colcon_core.shell:Creating package script '/home/ubuntu/abdi/install/abdi_pkg/share/abdi_pkg/package.bash'
[37.191s] INFO:colcon.colcon_core.shell:Creating package script '/home/ubuntu/abdi/install/abdi_pkg/share/abdi_pkg/package.zsh'
[37.194s] Level 1:colcon.colcon_core.environment:create_file_with_runtime_dependencies(/home/ubuntu/abdi/install/abdi_pkg/share/colcon-core/packages/abdi_pkg)
[37.196s] Level 1:colcon.colcon_core.environment:create_environment_scripts_only(abdi_pkg)
[37.197s] Level 1:colcon.colcon_core.environment:checking '/home/ubuntu/abdi/install/abdi_pkg' for CMake module files
[37.201s] Level 1:colcon.colcon_core.environment:checking '/home/ubuntu/abdi/install/abdi_pkg' for CMake config files
[37.203s] Level 1:colcon.colcon_core.shell:create_environment_hook('abdi_pkg', 'cmake_prefix_path')
[37.204s] INFO:colcon.colcon_core.shell:Creating environment descriptor '/home/ubuntu/abdi/install/abdi_pkg/share/abdi_pkg/hook/cmake_prefix_path.dsv'
[37.206s] INFO:colcon.colcon_core.shell:Creating environment hook '/home/ubuntu/abdi/install/abdi_pkg/share/abdi_pkg/hook/cmake_prefix_path.sh'
[37.209s] Level 1:colcon.colcon_core.environment:checking '/home/ubuntu/abdi/install/abdi_pkg/lib'
[37.210s] Level 1:colcon.colcon_core.environment:checking '/home/ubuntu/abdi/install/abdi_pkg/bin'
[37.210s] Level 1:colcon.colcon_core.environment:checking '/home/ubuntu/abdi/install/abdi_pkg/lib/pkgconfig/abdi_pkg.pc'
[37.211s] Level 1:colcon.colcon_core.environment:checking '/home/ubuntu/abdi/install/abdi_pkg/lib/python3.12/site-packages'
[37.212s] Level 1:colcon.colcon_core.environment:checking '/home/ubuntu/abdi/install/abdi_pkg/bin'
[37.213s] INFO:colcon.colcon_core.shell:Creating package descriptor '/home/ubuntu/abdi/install/abdi_pkg/share/abdi_pkg/package.dsv'
[37.215s] INFO:colcon.colcon_core.shell:Creating package script '/home/ubuntu/abdi/install/abdi_pkg/share/abdi_pkg/package.sh'
[37.217s] INFO:colcon.colcon_core.shell:Creating package script '/home/ubuntu/abdi/install/abdi_pkg/share/abdi_pkg/package.bash'
[37.219s] INFO:colcon.colcon_core.shell:Creating package script '/home/ubuntu/abdi/install/abdi_pkg/share/abdi_pkg/package.zsh'
[37.222s] Level 1:colcon.colcon_core.environment:create_file_with_runtime_dependencies(/home/ubuntu/abdi/install/abdi_pkg/share/colcon-core/packages/abdi_pkg)
[37.224s] DEBUG:colcon.colcon_parallel_executor.executor.parallel:closing loop
[37.225s] DEBUG:colcon.colcon_parallel_executor.executor.parallel:loop closed
[37.226s] DEBUG:colcon.colcon_parallel_executor.executor.parallel:run_until_complete finished with '0'
[37.227s] DEBUG:colcon.colcon_core.event_reactor:joining thread
[37.256s] INFO:colcon.colcon_core.plugin_system:Skipping extension 'colcon_notification.desktop_notification.notify_send': Could not find 'notify-send'
[37.256s] INFO:colcon.colcon_core.plugin_system:Skipping extension 'colcon_notification.desktop_notification.terminal_notifier': Not used on non-Darwin systems
[37.256s] INFO:colcon.colcon_core.plugin_system:Skipping extension 'colcon_notification.desktop_notification.win32': Not used on non-Windows systems
[37.257s] INFO:colcon.colcon_notification.desktop_notification:Sending desktop notification using 'notify2'
[37.260s] DEBUG:colcon.colcon_notification.desktop_notification.notify2:Failed to initialize notify2: org.freedesktop.DBus.Error.ServiceUnknown: The name org.freedesktop.Notifications was not provided by any .service files
[37.261s] DEBUG:colcon.colcon_core.event_reactor:joined thread
[37.261s] INFO:colcon.colcon_core.shell:Creating prefix script '/home/ubuntu/abdi/install/local_setup.sh'
[37.264s] INFO:colcon.colcon_core.shell:Creating prefix util module '/home/ubuntu/abdi/install/_local_setup_util_sh.py'
[37.270s] INFO:colcon.colcon_core.shell:Creating prefix chain script '/home/ubuntu/abdi/install/setup.sh'
[37.275s] INFO:colcon.colcon_core.shell:Creating prefix script '/home/ubuntu/abdi/install/local_setup.bash'
[37.279s] INFO:colcon.colcon_core.shell:Creating prefix chain script '/home/ubuntu/abdi/install/setup.bash'
[37.284s] INFO:colcon.colcon_core.shell:Creating prefix script '/home/ubuntu/abdi/install/local_setup.zsh'
[37.287s] INFO:colcon.colcon_core.shell:Creating prefix chain script '/home/ubuntu/abdi/install/setup.zsh'
