[0.870s] DEBUG:colcon:Command line arguments: ['/usr/bin/colcon', 'build']
[0.870s] DEBUG:colcon:Parsed command line arguments: Namespace(log_base=None, log_level=None, verb_name='build', build_base='build', install_base='install', merge_install=False, symlink_install=False, test_result_base=None, continue_on_error=False, executor='parallel', parallel_workers=4, event_handlers=None, ignore_user_meta=False, metas=['./colcon.meta'], base_paths=['.'], packages_ignore=None, packages_ignore_regex=None, paths=None, packages_up_to=None, packages_up_to_regex=None, packages_above=None, packages_above_and_dependencies=None, packages_above_depth=None, packages_select_by_dep=None, packages_skip_by_dep=None, packages_skip_up_to=None, packages_select_build_failed=False, packages_skip_build_finished=False, packages_select_test_failures=False, packages_skip_test_passed=False, packages_select=None, packages_skip=None, packages_select_regex=None, packages_skip_regex=None, packages_start=None, packages_end=None, cmake_args=None, cmake_target=None, cmake_target_skip_unavailable=False, cmake_clean_cache=False, cmake_clean_first=False, cmake_force_configure=False, ament_cmake_args=None, catkin_cmake_args=None, catkin_skip_building_tests=False, verb_parser=<colcon_defaults.argument_parser.defaults.DefaultArgumentsDecorator object at 0xffffb80fd6a0>, verb_extension=<colcon_core.verb.build.BuildVerb object at 0xffffb807f770>, main=<bound method BuildVerb.main of <colcon_core.verb.build.BuildVerb object at 0xffffb807f770>>)
[1.249s] Level 1:colcon.colcon_core.package_discovery:discover_packages(colcon_meta) check parameters
[1.250s] Level 1:colcon.colcon_core.package_discovery:discover_packages(recursive) check parameters
[1.250s] Level 1:colcon.colcon_core.package_discovery:discover_packages(ignore) check parameters
[1.250s] Level 1:colcon.colcon_core.package_discovery:discover_packages(path) check parameters
[1.250s] Level 1:colcon.colcon_core.package_discovery:discover_packages(colcon_meta) discover
[1.251s] Level 1:colcon.colcon_core.package_discovery:discover_packages(recursive) discover
[1.251s] INFO:colcon.colcon_core.package_discovery:Crawling recursively for packages in '/home/ubuntu/abdi'
[1.251s] Level 1:colcon.colcon_core.package_identification:_identify(.) by extensions ['ignore', 'ignore_ament_install']
[1.252s] Level 1:colcon.colcon_core.package_identification:_identify(.) by extension 'ignore'
[1.252s] Level 1:colcon.colcon_core.package_identification:_identify(.) by extension 'ignore_ament_install'
[1.253s] Level 1:colcon.colcon_core.package_identification:_identify(.) by extensions ['colcon_pkg']
[1.253s] Level 1:colcon.colcon_core.package_identification:_identify(.) by extension 'colcon_pkg'
[1.254s] Level 1:colcon.colcon_core.package_identification:_identify(.) by extensions ['colcon_meta']
[1.254s] Level 1:colcon.colcon_core.package_identification:_identify(.) by extension 'colcon_meta'
[1.254s] Level 1:colcon.colcon_core.package_identification:_identify(.) by extensions ['ros']
[1.254s] Level 1:colcon.colcon_core.package_identification:_identify(.) by extension 'ros'
[1.424s] Level 1:colcon.colcon_core.package_identification:_identify(.) by extensions ['cmake', 'python']
[1.424s] Level 1:colcon.colcon_core.package_identification:_identify(.) by extension 'cmake'
[1.425s] Level 1:colcon.colcon_core.package_identification:_identify(.) by extension 'python'
[1.425s] Level 1:colcon.colcon_core.package_identification:_identify(.) by extensions ['python_setup_py']
[1.425s] Level 1:colcon.colcon_core.package_identification:_identify(.) by extension 'python_setup_py'
[1.426s] Level 1:colcon.colcon_core.package_identification:_identify(build) by extensions ['ignore', 'ignore_ament_install']
[1.426s] Level 1:colcon.colcon_core.package_identification:_identify(build) by extension 'ignore'
[1.426s] Level 1:colcon.colcon_core.package_identification:_identify(build) ignored
[1.427s] Level 1:colcon.colcon_core.package_identification:_identify(install) by extensions ['ignore', 'ignore_ament_install']
[1.427s] Level 1:colcon.colcon_core.package_identification:_identify(install) by extension 'ignore'
[1.428s] Level 1:colcon.colcon_core.package_identification:_identify(install) ignored
[1.428s] Level 1:colcon.colcon_core.package_identification:_identify(log) by extensions ['ignore', 'ignore_ament_install']
[1.429s] Level 1:colcon.colcon_core.package_identification:_identify(log) by extension 'ignore'
[1.429s] Level 1:colcon.colcon_core.package_identification:_identify(log) ignored
[1.429s] Level 1:colcon.colcon_core.package_identification:_identify(src) by extensions ['ignore', 'ignore_ament_install']
[1.429s] Level 1:colcon.colcon_core.package_identification:_identify(src) by extension 'ignore'
[1.429s] Level 1:colcon.colcon_core.package_identification:_identify(src) by extension 'ignore_ament_install'
[1.430s] Level 1:colcon.colcon_core.package_identification:_identify(src) by extensions ['colcon_pkg']
[1.430s] Level 1:colcon.colcon_core.package_identification:_identify(src) by extension 'colcon_pkg'
[1.430s] Level 1:colcon.colcon_core.package_identification:_identify(src) by extensions ['colcon_meta']
[1.430s] Level 1:colcon.colcon_core.package_identification:_identify(src) by extension 'colcon_meta'
[1.430s] Level 1:colcon.colcon_core.package_identification:_identify(src) by extensions ['ros']
[1.431s] Level 1:colcon.colcon_core.package_identification:_identify(src) by extension 'ros'
[1.431s] Level 1:colcon.colcon_core.package_identification:_identify(src) by extensions ['cmake', 'python']
[1.432s] Level 1:colcon.colcon_core.package_identification:_identify(src) by extension 'cmake'
[1.432s] Level 1:colcon.colcon_core.package_identification:_identify(src) by extension 'python'
[1.432s] Level 1:colcon.colcon_core.package_identification:_identify(src) by extensions ['python_setup_py']
[1.433s] Level 1:colcon.colcon_core.package_identification:_identify(src) by extension 'python_setup_py'
[1.433s] Level 1:colcon.colcon_core.package_identification:_identify(src/abdi_pkg) by extensions ['ignore', 'ignore_ament_install']
[1.434s] Level 1:colcon.colcon_core.package_identification:_identify(src/abdi_pkg) by extension 'ignore'
[1.435s] Level 1:colcon.colcon_core.package_identification:_identify(src/abdi_pkg) by extension 'ignore_ament_install'
[1.436s] Level 1:colcon.colcon_core.package_identification:_identify(src/abdi_pkg) by extensions ['colcon_pkg']
[1.436s] Level 1:colcon.colcon_core.package_identification:_identify(src/abdi_pkg) by extension 'colcon_pkg'
[1.436s] Level 1:colcon.colcon_core.package_identification:_identify(src/abdi_pkg) by extensions ['colcon_meta']
[1.436s] Level 1:colcon.colcon_core.package_identification:_identify(src/abdi_pkg) by extension 'colcon_meta'
[1.436s] Level 1:colcon.colcon_core.package_identification:_identify(src/abdi_pkg) by extensions ['ros']
[1.437s] Level 1:colcon.colcon_core.package_identification:_identify(src/abdi_pkg) by extension 'ros'
[1.452s] DEBUG:colcon.colcon_core.package_identification:Package 'src/abdi_pkg' with type 'ros.ament_cmake' and name 'abdi_pkg'
[1.452s] Level 1:colcon.colcon_core.package_discovery:discover_packages(recursive) using defaults
[1.452s] Level 1:colcon.colcon_core.package_discovery:discover_packages(ignore) discover
[1.453s] Level 1:colcon.colcon_core.package_discovery:discover_packages(ignore) using defaults
[1.453s] Level 1:colcon.colcon_core.package_discovery:discover_packages(path) discover
[1.453s] Level 1:colcon.colcon_core.package_discovery:discover_packages(path) using defaults
[1.585s] Level 5:colcon.colcon_core.verb:set package 'abdi_pkg' build argument 'cmake_args' from command line to 'None'
[1.585s] Level 5:colcon.colcon_core.verb:set package 'abdi_pkg' build argument 'cmake_target' from command line to 'None'
[1.585s] Level 5:colcon.colcon_core.verb:set package 'abdi_pkg' build argument 'cmake_target_skip_unavailable' from command line to 'False'
[1.585s] Level 5:colcon.colcon_core.verb:set package 'abdi_pkg' build argument 'cmake_clean_cache' from command line to 'False'
[1.585s] Level 5:colcon.colcon_core.verb:set package 'abdi_pkg' build argument 'cmake_clean_first' from command line to 'False'
[1.586s] Level 5:colcon.colcon_core.verb:set package 'abdi_pkg' build argument 'cmake_force_configure' from command line to 'False'
[1.586s] Level 5:colcon.colcon_core.verb:set package 'abdi_pkg' build argument 'ament_cmake_args' from command line to 'None'
[1.586s] Level 5:colcon.colcon_core.verb:set package 'abdi_pkg' build argument 'catkin_cmake_args' from command line to 'None'
[1.586s] Level 5:colcon.colcon_core.verb:set package 'abdi_pkg' build argument 'catkin_skip_building_tests' from command line to 'False'
[1.586s] DEBUG:colcon.colcon_core.verb:Building package 'abdi_pkg' with the following arguments: {'ament_cmake_args': None, 'build_base': '/home/ubuntu/abdi/build/abdi_pkg', 'catkin_cmake_args': None, 'catkin_skip_building_tests': False, 'cmake_args': None, 'cmake_clean_cache': False, 'cmake_clean_first': False, 'cmake_force_configure': False, 'cmake_target': None, 'cmake_target_skip_unavailable': False, 'install_base': '/home/ubuntu/abdi/install/abdi_pkg', 'merge_install': False, 'path': '/home/ubuntu/abdi/src/abdi_pkg', 'symlink_install': False, 'test_result_base': None}
[1.587s] INFO:colcon.colcon_core.executor:Executing jobs using 'parallel' executor
[1.590s] DEBUG:colcon.colcon_parallel_executor.executor.parallel:run_until_complete
[1.591s] INFO:colcon.colcon_ros.task.ament_cmake.build:Building ROS package in '/home/ubuntu/abdi/src/abdi_pkg' with build type 'ament_cmake'
[1.592s] INFO:colcon.colcon_cmake.task.cmake.build:Building CMake package in '/home/ubuntu/abdi/src/abdi_pkg'
[1.621s] INFO:colcon.colcon_core.plugin_system:Skipping extension 'colcon_core.shell.bat': Not used on non-Windows systems
[1.622s] DEBUG:colcon.colcon_core.shell:Skip shell extension 'dsv' for command environment
[1.715s] DEBUG:colcon.colcon_core.event_handler.log_command:Invoking command in '/home/ubuntu/abdi/build/abdi_pkg': CMAKE_PREFIX_PATH=${CMAKE_PREFIX_PATH}:/opt/ros/jazzy /usr/bin/cmake --build /home/ubuntu/abdi/build/abdi_pkg -- -j4 -l4
[41.616s] DEBUG:colcon.colcon_core.event_handler.log_command:Invoked command in '/home/ubuntu/abdi/build/abdi_pkg' returned '0': CMAKE_PREFIX_PATH=${CMAKE_PREFIX_PATH}:/opt/ros/jazzy /usr/bin/cmake --build /home/ubuntu/abdi/build/abdi_pkg -- -j4 -l4
[41.688s] DEBUG:colcon.colcon_core.event_handler.log_command:Invoking command in '/home/ubuntu/abdi/build/abdi_pkg': CMAKE_PREFIX_PATH=${CMAKE_PREFIX_PATH}:/opt/ros/jazzy /usr/bin/cmake --install /home/ubuntu/abdi/build/abdi_pkg
[41.799s] Level 1:colcon.colcon_core.environment:create_environment_scripts_only(abdi_pkg)
[41.801s] DEBUG:colcon.colcon_core.event_handler.log_command:Invoked command in '/home/ubuntu/abdi/build/abdi_pkg' returned '0': CMAKE_PREFIX_PATH=${CMAKE_PREFIX_PATH}:/opt/ros/jazzy /usr/bin/cmake --install /home/ubuntu/abdi/build/abdi_pkg
[41.836s] Level 1:colcon.colcon_core.environment:checking '/home/ubuntu/abdi/install/abdi_pkg' for CMake module files
[41.841s] Level 1:colcon.colcon_core.environment:checking '/home/ubuntu/abdi/install/abdi_pkg' for CMake config files
[41.846s] Level 1:colcon.colcon_core.shell:create_environment_hook('abdi_pkg', 'cmake_prefix_path')
[41.847s] INFO:colcon.colcon_core.shell:Creating environment descriptor '/home/ubuntu/abdi/install/abdi_pkg/share/abdi_pkg/hook/cmake_prefix_path.dsv'
[41.850s] INFO:colcon.colcon_core.shell:Creating environment hook '/home/ubuntu/abdi/install/abdi_pkg/share/abdi_pkg/hook/cmake_prefix_path.sh'
[41.855s] Level 1:colcon.colcon_core.environment:checking '/home/ubuntu/abdi/install/abdi_pkg/lib'
[41.856s] Level 1:colcon.colcon_core.environment:checking '/home/ubuntu/abdi/install/abdi_pkg/bin'
[41.856s] Level 1:colcon.colcon_core.environment:checking '/home/ubuntu/abdi/install/abdi_pkg/lib/pkgconfig/abdi_pkg.pc'
[41.869s] Level 1:colcon.colcon_core.environment:checking '/home/ubuntu/abdi/install/abdi_pkg/lib/python3.12/site-packages'
[41.870s] Level 1:colcon.colcon_core.environment:checking '/home/ubuntu/abdi/install/abdi_pkg/bin'
[41.871s] INFO:colcon.colcon_core.shell:Creating package descriptor '/home/ubuntu/abdi/install/abdi_pkg/share/abdi_pkg/package.dsv'
[41.877s] INFO:colcon.colcon_core.shell:Creating package script '/home/ubuntu/abdi/install/abdi_pkg/share/abdi_pkg/package.sh'
[41.882s] INFO:colcon.colcon_core.shell:Creating package script '/home/ubuntu/abdi/install/abdi_pkg/share/abdi_pkg/package.bash'
[41.887s] INFO:colcon.colcon_core.shell:Creating package script '/home/ubuntu/abdi/install/abdi_pkg/share/abdi_pkg/package.zsh'
[41.891s] Level 1:colcon.colcon_core.environment:create_file_with_runtime_dependencies(/home/ubuntu/abdi/install/abdi_pkg/share/colcon-core/packages/abdi_pkg)
[41.897s] Level 1:colcon.colcon_core.environment:create_environment_scripts_only(abdi_pkg)
[41.898s] Level 1:colcon.colcon_core.environment:checking '/home/ubuntu/abdi/install/abdi_pkg' for CMake module files
[41.902s] Level 1:colcon.colcon_core.environment:checking '/home/ubuntu/abdi/install/abdi_pkg' for CMake config files
[41.904s] Level 1:colcon.colcon_core.shell:create_environment_hook('abdi_pkg', 'cmake_prefix_path')
[41.905s] INFO:colcon.colcon_core.shell:Creating environment descriptor '/home/ubuntu/abdi/install/abdi_pkg/share/abdi_pkg/hook/cmake_prefix_path.dsv'
[41.908s] INFO:colcon.colcon_core.shell:Creating environment hook '/home/ubuntu/abdi/install/abdi_pkg/share/abdi_pkg/hook/cmake_prefix_path.sh'
[41.911s] Level 1:colcon.colcon_core.environment:checking '/home/ubuntu/abdi/install/abdi_pkg/lib'
[41.911s] Level 1:colcon.colcon_core.environment:checking '/home/ubuntu/abdi/install/abdi_pkg/bin'
[41.912s] Level 1:colcon.colcon_core.environment:checking '/home/ubuntu/abdi/install/abdi_pkg/lib/pkgconfig/abdi_pkg.pc'
[41.913s] Level 1:colcon.colcon_core.environment:checking '/home/ubuntu/abdi/install/abdi_pkg/lib/python3.12/site-packages'
[41.914s] Level 1:colcon.colcon_core.environment:checking '/home/ubuntu/abdi/install/abdi_pkg/bin'
[41.915s] INFO:colcon.colcon_core.shell:Creating package descriptor '/home/ubuntu/abdi/install/abdi_pkg/share/abdi_pkg/package.dsv'
[41.917s] INFO:colcon.colcon_core.shell:Creating package script '/home/ubuntu/abdi/install/abdi_pkg/share/abdi_pkg/package.sh'
[41.920s] INFO:colcon.colcon_core.shell:Creating package script '/home/ubuntu/abdi/install/abdi_pkg/share/abdi_pkg/package.bash'
[41.923s] INFO:colcon.colcon_core.shell:Creating package script '/home/ubuntu/abdi/install/abdi_pkg/share/abdi_pkg/package.zsh'
[41.925s] Level 1:colcon.colcon_core.environment:create_file_with_runtime_dependencies(/home/ubuntu/abdi/install/abdi_pkg/share/colcon-core/packages/abdi_pkg)
[41.927s] DEBUG:colcon.colcon_parallel_executor.executor.parallel:closing loop
[41.929s] DEBUG:colcon.colcon_parallel_executor.executor.parallel:loop closed
[41.929s] DEBUG:colcon.colcon_parallel_executor.executor.parallel:run_until_complete finished with '0'
[41.929s] DEBUG:colcon.colcon_core.event_reactor:joining thread
[41.966s] INFO:colcon.colcon_core.plugin_system:Skipping extension 'colcon_notification.desktop_notification.notify_send': Could not find 'notify-send'
[41.967s] INFO:colcon.colcon_core.plugin_system:Skipping extension 'colcon_notification.desktop_notification.terminal_notifier': Not used on non-Darwin systems
[41.967s] INFO:colcon.colcon_core.plugin_system:Skipping extension 'colcon_notification.desktop_notification.win32': Not used on non-Windows systems
[41.967s] INFO:colcon.colcon_notification.desktop_notification:Sending desktop notification using 'notify2'
[42.047s] DEBUG:colcon.colcon_notification.desktop_notification.notify2:Failed to initialize notify2: org.freedesktop.DBus.Error.ServiceUnknown: The name org.freedesktop.Notifications was not provided by any .service files
[42.048s] DEBUG:colcon.colcon_core.event_reactor:joined thread
[42.049s] INFO:colcon.colcon_core.shell:Creating prefix script '/home/ubuntu/abdi/install/local_setup.sh'
[42.056s] INFO:colcon.colcon_core.shell:Creating prefix util module '/home/ubuntu/abdi/install/_local_setup_util_sh.py'
[42.065s] INFO:colcon.colcon_core.shell:Creating prefix chain script '/home/ubuntu/abdi/install/setup.sh'
[42.071s] INFO:colcon.colcon_core.shell:Creating prefix script '/home/ubuntu/abdi/install/local_setup.bash'
[42.074s] INFO:colcon.colcon_core.shell:Creating prefix chain script '/home/ubuntu/abdi/install/setup.bash'
[42.080s] INFO:colcon.colcon_core.shell:Creating prefix script '/home/ubuntu/abdi/install/local_setup.zsh'
[42.085s] INFO:colcon.colcon_core.shell:Creating prefix chain script '/home/ubuntu/abdi/install/setup.zsh'
