[0.567s] DEBUG:colcon:Command line arguments: ['/usr/bin/colcon', 'build']
[0.568s] DEBUG:colcon:Parsed command line arguments: Namespace(log_base=None, log_level=None, verb_name='build', build_base='build', install_base='install', merge_install=False, symlink_install=False, test_result_base=None, continue_on_error=False, executor='parallel', parallel_workers=4, event_handlers=None, ignore_user_meta=False, metas=['./colcon.meta'], base_paths=['.'], packages_ignore=None, packages_ignore_regex=None, paths=None, packages_up_to=None, packages_up_to_regex=None, packages_above=None, packages_above_and_dependencies=None, packages_above_depth=None, packages_select_by_dep=None, packages_skip_by_dep=None, packages_skip_up_to=None, packages_select_build_failed=False, packages_skip_build_finished=False, packages_select_test_failures=False, packages_skip_test_passed=False, packages_select=None, packages_skip=None, packages_select_regex=None, packages_skip_regex=None, packages_start=None, packages_end=None, cmake_args=None, cmake_target=None, cmake_target_skip_unavailable=False, cmake_clean_cache=False, cmake_clean_first=False, cmake_force_configure=False, ament_cmake_args=None, catkin_cmake_args=None, catkin_skip_building_tests=False, verb_parser=<colcon_defaults.argument_parser.defaults.DefaultArgumentsDecorator object at 0xffffa2925490>, verb_extension=<colcon_core.verb.build.BuildVerb object at 0xffffa28a7320>, main=<bound method BuildVerb.main of <colcon_core.verb.build.BuildVerb object at 0xffffa28a7320>>)
[0.793s] Level 1:colcon.colcon_core.package_discovery:discover_packages(colcon_meta) check parameters
[0.794s] Level 1:colcon.colcon_core.package_discovery:discover_packages(recursive) check parameters
[0.795s] Level 1:colcon.colcon_core.package_discovery:discover_packages(ignore) check parameters
[0.795s] Level 1:colcon.colcon_core.package_discovery:discover_packages(path) check parameters
[0.795s] Level 1:colcon.colcon_core.package_discovery:discover_packages(colcon_meta) discover
[0.796s] Level 1:colcon.colcon_core.package_discovery:discover_packages(recursive) discover
[0.797s] INFO:colcon.colcon_core.package_discovery:Crawling recursively for packages in '/home/ubuntu/abdi'
[0.797s] Level 1:colcon.colcon_core.package_identification:_identify(.) by extensions ['ignore', 'ignore_ament_install']
[0.798s] Level 1:colcon.colcon_core.package_identification:_identify(.) by extension 'ignore'
[0.798s] Level 1:colcon.colcon_core.package_identification:_identify(.) by extension 'ignore_ament_install'
[0.799s] Level 1:colcon.colcon_core.package_identification:_identify(.) by extensions ['colcon_pkg']
[0.799s] Level 1:colcon.colcon_core.package_identification:_identify(.) by extension 'colcon_pkg'
[0.800s] Level 1:colcon.colcon_core.package_identification:_identify(.) by extensions ['colcon_meta']
[0.800s] Level 1:colcon.colcon_core.package_identification:_identify(.) by extension 'colcon_meta'
[0.800s] Level 1:colcon.colcon_core.package_identification:_identify(.) by extensions ['ros']
[0.800s] Level 1:colcon.colcon_core.package_identification:_identify(.) by extension 'ros'
[0.926s] Level 1:colcon.colcon_core.package_identification:_identify(.) by extensions ['cmake', 'python']
[0.927s] Level 1:colcon.colcon_core.package_identification:_identify(.) by extension 'cmake'
[0.927s] Level 1:colcon.colcon_core.package_identification:_identify(.) by extension 'python'
[0.928s] Level 1:colcon.colcon_core.package_identification:_identify(.) by extensions ['python_setup_py']
[0.928s] Level 1:colcon.colcon_core.package_identification:_identify(.) by extension 'python_setup_py'
[0.929s] Level 1:colcon.colcon_core.package_identification:_identify(build) by extensions ['ignore', 'ignore_ament_install']
[0.929s] Level 1:colcon.colcon_core.package_identification:_identify(build) by extension 'ignore'
[0.930s] Level 1:colcon.colcon_core.package_identification:_identify(build) ignored
[0.931s] Level 1:colcon.colcon_core.package_identification:_identify(install) by extensions ['ignore', 'ignore_ament_install']
[0.931s] Level 1:colcon.colcon_core.package_identification:_identify(install) by extension 'ignore'
[0.932s] Level 1:colcon.colcon_core.package_identification:_identify(install) ignored
[0.933s] Level 1:colcon.colcon_core.package_identification:_identify(log) by extensions ['ignore', 'ignore_ament_install']
[0.934s] Level 1:colcon.colcon_core.package_identification:_identify(log) by extension 'ignore'
[0.934s] Level 1:colcon.colcon_core.package_identification:_identify(log) ignored
[0.935s] Level 1:colcon.colcon_core.package_identification:_identify(src) by extensions ['ignore', 'ignore_ament_install']
[0.935s] Level 1:colcon.colcon_core.package_identification:_identify(src) by extension 'ignore'
[0.935s] Level 1:colcon.colcon_core.package_identification:_identify(src) by extension 'ignore_ament_install'
[0.936s] Level 1:colcon.colcon_core.package_identification:_identify(src) by extensions ['colcon_pkg']
[0.936s] Level 1:colcon.colcon_core.package_identification:_identify(src) by extension 'colcon_pkg'
[0.937s] Level 1:colcon.colcon_core.package_identification:_identify(src) by extensions ['colcon_meta']
[0.937s] Level 1:colcon.colcon_core.package_identification:_identify(src) by extension 'colcon_meta'
[0.937s] Level 1:colcon.colcon_core.package_identification:_identify(src) by extensions ['ros']
[0.937s] Level 1:colcon.colcon_core.package_identification:_identify(src) by extension 'ros'
[0.938s] Level 1:colcon.colcon_core.package_identification:_identify(src) by extensions ['cmake', 'python']
[0.938s] Level 1:colcon.colcon_core.package_identification:_identify(src) by extension 'cmake'
[0.939s] Level 1:colcon.colcon_core.package_identification:_identify(src) by extension 'python'
[0.939s] Level 1:colcon.colcon_core.package_identification:_identify(src) by extensions ['python_setup_py']
[0.939s] Level 1:colcon.colcon_core.package_identification:_identify(src) by extension 'python_setup_py'
[0.939s] Level 1:colcon.colcon_core.package_identification:_identify(src/abdi_pkg) by extensions ['ignore', 'ignore_ament_install']
[0.940s] Level 1:colcon.colcon_core.package_identification:_identify(src/abdi_pkg) by extension 'ignore'
[0.940s] Level 1:colcon.colcon_core.package_identification:_identify(src/abdi_pkg) by extension 'ignore_ament_install'
[0.940s] Level 1:colcon.colcon_core.package_identification:_identify(src/abdi_pkg) by extensions ['colcon_pkg']
[0.940s] Level 1:colcon.colcon_core.package_identification:_identify(src/abdi_pkg) by extension 'colcon_pkg'
[0.941s] Level 1:colcon.colcon_core.package_identification:_identify(src/abdi_pkg) by extensions ['colcon_meta']
[0.941s] Level 1:colcon.colcon_core.package_identification:_identify(src/abdi_pkg) by extension 'colcon_meta'
[0.941s] Level 1:colcon.colcon_core.package_identification:_identify(src/abdi_pkg) by extensions ['ros']
[0.941s] Level 1:colcon.colcon_core.package_identification:_identify(src/abdi_pkg) by extension 'ros'
[0.952s] DEBUG:colcon.colcon_core.package_identification:Package 'src/abdi_pkg' with type 'ros.ament_cmake' and name 'abdi_pkg'
[0.952s] Level 1:colcon.colcon_core.package_discovery:discover_packages(recursive) using defaults
[0.952s] Level 1:colcon.colcon_core.package_discovery:discover_packages(ignore) discover
[0.952s] Level 1:colcon.colcon_core.package_discovery:discover_packages(ignore) using defaults
[0.952s] Level 1:colcon.colcon_core.package_discovery:discover_packages(path) discover
[0.953s] Level 1:colcon.colcon_core.package_discovery:discover_packages(path) using defaults
[1.042s] Level 5:colcon.colcon_core.verb:set package 'abdi_pkg' build argument 'cmake_args' from command line to 'None'
[1.043s] Level 5:colcon.colcon_core.verb:set package 'abdi_pkg' build argument 'cmake_target' from command line to 'None'
[1.043s] Level 5:colcon.colcon_core.verb:set package 'abdi_pkg' build argument 'cmake_target_skip_unavailable' from command line to 'False'
[1.043s] Level 5:colcon.colcon_core.verb:set package 'abdi_pkg' build argument 'cmake_clean_cache' from command line to 'False'
[1.043s] Level 5:colcon.colcon_core.verb:set package 'abdi_pkg' build argument 'cmake_clean_first' from command line to 'False'
[1.043s] Level 5:colcon.colcon_core.verb:set package 'abdi_pkg' build argument 'cmake_force_configure' from command line to 'False'
[1.043s] Level 5:colcon.colcon_core.verb:set package 'abdi_pkg' build argument 'ament_cmake_args' from command line to 'None'
[1.043s] Level 5:colcon.colcon_core.verb:set package 'abdi_pkg' build argument 'catkin_cmake_args' from command line to 'None'
[1.043s] Level 5:colcon.colcon_core.verb:set package 'abdi_pkg' build argument 'catkin_skip_building_tests' from command line to 'False'
[1.043s] DEBUG:colcon.colcon_core.verb:Building package 'abdi_pkg' with the following arguments: {'ament_cmake_args': None, 'build_base': '/home/ubuntu/abdi/build/abdi_pkg', 'catkin_cmake_args': None, 'catkin_skip_building_tests': False, 'cmake_args': None, 'cmake_clean_cache': False, 'cmake_clean_first': False, 'cmake_force_configure': False, 'cmake_target': None, 'cmake_target_skip_unavailable': False, 'install_base': '/home/ubuntu/abdi/install/abdi_pkg', 'merge_install': False, 'path': '/home/ubuntu/abdi/src/abdi_pkg', 'symlink_install': False, 'test_result_base': None}
[1.044s] INFO:colcon.colcon_core.executor:Executing jobs using 'parallel' executor
[1.047s] DEBUG:colcon.colcon_parallel_executor.executor.parallel:run_until_complete
[1.048s] INFO:colcon.colcon_ros.task.ament_cmake.build:Building ROS package in '/home/ubuntu/abdi/src/abdi_pkg' with build type 'ament_cmake'
[1.049s] INFO:colcon.colcon_cmake.task.cmake.build:Building CMake package in '/home/ubuntu/abdi/src/abdi_pkg'
[1.058s] INFO:colcon.colcon_core.plugin_system:Skipping extension 'colcon_core.shell.bat': Not used on non-Windows systems
[1.059s] DEBUG:colcon.colcon_core.shell:Skip shell extension 'dsv' for command environment
[1.121s] DEBUG:colcon.colcon_core.event_handler.log_command:Invoking command in '/home/ubuntu/abdi/build/abdi_pkg': CMAKE_PREFIX_PATH=${CMAKE_PREFIX_PATH}:/opt/ros/jazzy /usr/bin/cmake --build /home/ubuntu/abdi/build/abdi_pkg -- -j4 -l4
[39.251s] DEBUG:colcon.colcon_core.event_handler.log_command:Invoked command in '/home/ubuntu/abdi/build/abdi_pkg' returned '0': CMAKE_PREFIX_PATH=${CMAKE_PREFIX_PATH}:/opt/ros/jazzy /usr/bin/cmake --build /home/ubuntu/abdi/build/abdi_pkg -- -j4 -l4
[39.317s] DEBUG:colcon.colcon_core.event_handler.log_command:Invoking command in '/home/ubuntu/abdi/build/abdi_pkg': CMAKE_PREFIX_PATH=${CMAKE_PREFIX_PATH}:/opt/ros/jazzy /usr/bin/cmake --install /home/ubuntu/abdi/build/abdi_pkg
[39.415s] Level 1:colcon.colcon_core.environment:create_environment_scripts_only(abdi_pkg)
[39.417s] DEBUG:colcon.colcon_core.event_handler.log_command:Invoked command in '/home/ubuntu/abdi/build/abdi_pkg' returned '0': CMAKE_PREFIX_PATH=${CMAKE_PREFIX_PATH}:/opt/ros/jazzy /usr/bin/cmake --install /home/ubuntu/abdi/build/abdi_pkg
[39.430s] Level 1:colcon.colcon_core.environment:checking '/home/ubuntu/abdi/install/abdi_pkg' for CMake module files
[39.435s] Level 1:colcon.colcon_core.environment:checking '/home/ubuntu/abdi/install/abdi_pkg' for CMake config files
[39.438s] Level 1:colcon.colcon_core.shell:create_environment_hook('abdi_pkg', 'cmake_prefix_path')
[39.439s] INFO:colcon.colcon_core.shell:Creating environment descriptor '/home/ubuntu/abdi/install/abdi_pkg/share/abdi_pkg/hook/cmake_prefix_path.dsv'
[39.441s] INFO:colcon.colcon_core.shell:Creating environment hook '/home/ubuntu/abdi/install/abdi_pkg/share/abdi_pkg/hook/cmake_prefix_path.sh'
[39.445s] Level 1:colcon.colcon_core.environment:checking '/home/ubuntu/abdi/install/abdi_pkg/lib'
[39.445s] Level 1:colcon.colcon_core.environment:checking '/home/ubuntu/abdi/install/abdi_pkg/bin'
[39.446s] Level 1:colcon.colcon_core.environment:checking '/home/ubuntu/abdi/install/abdi_pkg/lib/pkgconfig/abdi_pkg.pc'
[39.455s] Level 1:colcon.colcon_core.environment:checking '/home/ubuntu/abdi/install/abdi_pkg/lib/python3.12/site-packages'
[39.456s] Level 1:colcon.colcon_core.environment:checking '/home/ubuntu/abdi/install/abdi_pkg/bin'
[39.457s] INFO:colcon.colcon_core.shell:Creating package descriptor '/home/ubuntu/abdi/install/abdi_pkg/share/abdi_pkg/package.dsv'
[39.460s] INFO:colcon.colcon_core.shell:Creating package script '/home/ubuntu/abdi/install/abdi_pkg/share/abdi_pkg/package.sh'
[39.464s] INFO:colcon.colcon_core.shell:Creating package script '/home/ubuntu/abdi/install/abdi_pkg/share/abdi_pkg/package.bash'
[39.467s] INFO:colcon.colcon_core.shell:Creating package script '/home/ubuntu/abdi/install/abdi_pkg/share/abdi_pkg/package.zsh'
[39.470s] Level 1:colcon.colcon_core.environment:create_file_with_runtime_dependencies(/home/ubuntu/abdi/install/abdi_pkg/share/colcon-core/packages/abdi_pkg)
[39.472s] Level 1:colcon.colcon_core.environment:create_environment_scripts_only(abdi_pkg)
[39.472s] Level 1:colcon.colcon_core.environment:checking '/home/ubuntu/abdi/install/abdi_pkg' for CMake module files
[39.476s] Level 1:colcon.colcon_core.environment:checking '/home/ubuntu/abdi/install/abdi_pkg' for CMake config files
[39.478s] Level 1:colcon.colcon_core.shell:create_environment_hook('abdi_pkg', 'cmake_prefix_path')
[39.478s] INFO:colcon.colcon_core.shell:Creating environment descriptor '/home/ubuntu/abdi/install/abdi_pkg/share/abdi_pkg/hook/cmake_prefix_path.dsv'
[39.481s] INFO:colcon.colcon_core.shell:Creating environment hook '/home/ubuntu/abdi/install/abdi_pkg/share/abdi_pkg/hook/cmake_prefix_path.sh'
[39.484s] Level 1:colcon.colcon_core.environment:checking '/home/ubuntu/abdi/install/abdi_pkg/lib'
[39.485s] Level 1:colcon.colcon_core.environment:checking '/home/ubuntu/abdi/install/abdi_pkg/bin'
[39.485s] Level 1:colcon.colcon_core.environment:checking '/home/ubuntu/abdi/install/abdi_pkg/lib/pkgconfig/abdi_pkg.pc'
[39.486s] Level 1:colcon.colcon_core.environment:checking '/home/ubuntu/abdi/install/abdi_pkg/lib/python3.12/site-packages'
[39.487s] Level 1:colcon.colcon_core.environment:checking '/home/ubuntu/abdi/install/abdi_pkg/bin'
[39.488s] INFO:colcon.colcon_core.shell:Creating package descriptor '/home/ubuntu/abdi/install/abdi_pkg/share/abdi_pkg/package.dsv'
[39.491s] INFO:colcon.colcon_core.shell:Creating package script '/home/ubuntu/abdi/install/abdi_pkg/share/abdi_pkg/package.sh'
[39.494s] INFO:colcon.colcon_core.shell:Creating package script '/home/ubuntu/abdi/install/abdi_pkg/share/abdi_pkg/package.bash'
[39.497s] INFO:colcon.colcon_core.shell:Creating package script '/home/ubuntu/abdi/install/abdi_pkg/share/abdi_pkg/package.zsh'
[39.499s] Level 1:colcon.colcon_core.environment:create_file_with_runtime_dependencies(/home/ubuntu/abdi/install/abdi_pkg/share/colcon-core/packages/abdi_pkg)
[39.500s] DEBUG:colcon.colcon_parallel_executor.executor.parallel:closing loop
[39.502s] DEBUG:colcon.colcon_parallel_executor.executor.parallel:loop closed
[39.502s] DEBUG:colcon.colcon_parallel_executor.executor.parallel:run_until_complete finished with '0'
[39.503s] DEBUG:colcon.colcon_core.event_reactor:joining thread
[39.532s] INFO:colcon.colcon_core.plugin_system:Skipping extension 'colcon_notification.desktop_notification.notify_send': Could not find 'notify-send'
[39.532s] INFO:colcon.colcon_core.plugin_system:Skipping extension 'colcon_notification.desktop_notification.terminal_notifier': Not used on non-Darwin systems
[39.532s] INFO:colcon.colcon_core.plugin_system:Skipping extension 'colcon_notification.desktop_notification.win32': Not used on non-Windows systems
[39.532s] INFO:colcon.colcon_notification.desktop_notification:Sending desktop notification using 'notify2'
[39.537s] DEBUG:colcon.colcon_notification.desktop_notification.notify2:Failed to initialize notify2: org.freedesktop.DBus.Error.ServiceUnknown: The name org.freedesktop.Notifications was not provided by any .service files
[39.537s] DEBUG:colcon.colcon_core.event_reactor:joined thread
[39.538s] INFO:colcon.colcon_core.shell:Creating prefix script '/home/ubuntu/abdi/install/local_setup.sh'
[39.541s] INFO:colcon.colcon_core.shell:Creating prefix util module '/home/ubuntu/abdi/install/_local_setup_util_sh.py'
[39.547s] INFO:colcon.colcon_core.shell:Creating prefix chain script '/home/ubuntu/abdi/install/setup.sh'
[39.552s] INFO:colcon.colcon_core.shell:Creating prefix script '/home/ubuntu/abdi/install/local_setup.bash'
[39.555s] INFO:colcon.colcon_core.shell:Creating prefix chain script '/home/ubuntu/abdi/install/setup.bash'
[39.561s] INFO:colcon.colcon_core.shell:Creating prefix script '/home/ubuntu/abdi/install/local_setup.zsh'
[39.564s] INFO:colcon.colcon_core.shell:Creating prefix chain script '/home/ubuntu/abdi/install/setup.zsh'
