-- The C compiler identification is GNU 13.3.0
-- The CXX compiler identification is GNU 13.3.0
-- Detecting C compiler ABI info
-- Detecting C compiler ABI info - done
-- Check for working C compiler: /usr/bin/cc - skipped
-- Detecting C compile features
-- Detecting C compile features - done
-- Detecting CXX compiler ABI info
-- Detecting CXX compiler ABI info - done
-- Check for working CXX compiler: /usr/bin/c++ - skipped
-- Detecting CXX compile features
-- Detecting CXX compile features - done
-- Found ament_cmake: 2.5.4 (/opt/ros/jazzy/share/ament_cmake/cmake)
-- Found Python3: /usr/bin/python3 (found version "3.12.3") found components: Interpreter 
-- Found rclcpp: 28.1.11 (/opt/ros/jazzy/share/rclcpp/cmake)
-- Found rosidl_generator_c: 4.6.6 (/opt/ros/jazzy/share/rosidl_generator_c/cmake)
-- Found rosidl_generator_cpp: 4.6.6 (/opt/ros/jazzy/share/rosidl_generator_cpp/cmake)
-- Using all available rosidl_typesupport_c: rosidl_typesupport_fastrtps_c;rosidl_typesupport_introspection_c
-- Using all available rosidl_typesupport_cpp: rosidl_typesupport_fastrtps_cpp;rosidl_typesupport_introspection_cpp
-- Found rmw_implementation_cmake: 7.3.2 (/opt/ros/jazzy/share/rmw_implementation_cmake/cmake)
-- Found rmw_fastrtps_cpp: 8.4.3 (/opt/ros/jazzy/share/rmw_fastrtps_cpp/cmake)
-- Found OpenSSL: /usr/lib/aarch64-linux-gnu/libcrypto.so (found version "3.0.13")  
-- Found FastRTPS: /opt/ros/jazzy/include (Required is at least version "2.13") 
-- Using RMW implementation 'rmw_fastrtps_cpp' as default
-- Found rclcpp_action: 28.1.11 (/opt/ros/jazzy/share/rclcpp_action/cmake)
-- Found tf2: 0.36.14 (/opt/ros/jazzy/share/tf2/cmake)
-- Found nav2_msgs: 1.3.7 (/opt/ros/jazzy/share/nav2_msgs/cmake)
-- Found irobot_create_msgs: 3.0.0 (/opt/ros/jazzy/share/irobot_create_msgs/cmake)
-- Found ament_lint_auto: 0.17.3 (/opt/ros/jazzy/share/ament_lint_auto/cmake)
-- Added test 'cppcheck' to perform static code analysis on C / C++ code
-- Configured cppcheck include dirs: $<BUILD_INTERFACE:/home/ubuntu/abdi/src/abdi_pkg/include>
-- Configured cppcheck exclude dirs and/or files: 
-- Added test 'flake8' to check Python code syntax and style conventions
-- Configured 'flake8' exclude dirs and/or files: 
-- Added test 'lint_cmake' to check CMake code style
-- Added test 'pep257' to check Python code against some of the docstring style conventions in PEP 257
-- Added test 'uncrustify' to check C / C++ code style
-- Configured uncrustify additional arguments: 
-- Added test 'xmllint' to check XML markup files
-- Configuring done (10.9s)
-- Generating done (0.0s)
-- Build files have been written to: /home/ubuntu/abdi/build/abdi_pkg
-- Found ament_cmake: 2.5.4 (/opt/ros/jazzy/share/ament_cmake/cmake)
-- Found rclcpp: 28.1.11 (/opt/ros/jazzy/share/rclcpp/cmake)
-- Found rosidl_generator_c: 4.6.6 (/opt/ros/jazzy/share/rosidl_generator_c/cmake)
-- Found rosidl_generator_cpp: 4.6.6 (/opt/ros/jazzy/share/rosidl_generator_cpp/cmake)
-- Using all available rosidl_typesupport_c: rosidl_typesupport_fastrtps_c;rosidl_typesupport_introspection_c
-- Using all available rosidl_typesupport_cpp: rosidl_typesupport_fastrtps_cpp;rosidl_typesupport_introspection_cpp
-- Found rmw_implementation_cmake: 7.3.2 (/opt/ros/jazzy/share/rmw_implementation_cmake/cmake)
-- Found rmw_fastrtps_cpp: 8.4.3 (/opt/ros/jazzy/share/rmw_fastrtps_cpp/cmake)
-- Using RMW implementation 'rmw_fastrtps_cpp' as default
-- Found rclcpp_action: 28.1.11 (/opt/ros/jazzy/share/rclcpp_action/cmake)
-- Found tf2: 0.36.14 (/opt/ros/jazzy/share/tf2/cmake)
-- Found nav2_msgs: 1.3.7 (/opt/ros/jazzy/share/nav2_msgs/cmake)
-- Found irobot_create_msgs: 3.0.0 (/opt/ros/jazzy/share/irobot_create_msgs/cmake)
-- Found ament_lint_auto: 0.17.3 (/opt/ros/jazzy/share/ament_lint_auto/cmake)
-- Added test 'cppcheck' to perform static code analysis on C / C++ code
-- Configured cppcheck include dirs: $<BUILD_INTERFACE:/home/ubuntu/abdi/src/abdi_pkg/include>
-- Configured cppcheck exclude dirs and/or files: 
-- Added test 'flake8' to check Python code syntax and style conventions
-- Configured 'flake8' exclude dirs and/or files: 
-- Added test 'lint_cmake' to check CMake code style
-- Added test 'pep257' to check Python code against some of the docstring style conventions in PEP 257
-- Added test 'uncrustify' to check C / C++ code style
-- Configured uncrustify additional arguments: 
-- Added test 'xmllint' to check XML markup files
-- Configuring done (4.0s)
-- Generating done (0.0s)
-- Build files have been written to: /home/ubuntu/abdi/build/abdi_pkg
[ 50%] [32mBuilding CXX object CMakeFiles/abdinode.dir/src/abdinode.cpp.o[0m
[100%] [32m[1mLinking CXX executable abdinode[0m
[100%] Built target abdinode
-- Install configuration: ""
-- Installing: /home/ubuntu/abdi/install/abdi_pkg/lib/abdi_pkg/abdinode
-- Set non-toolchain portion of runtime path of "/home/ubuntu/abdi/install/abdi_pkg/lib/abdi_pkg/abdinode" to ""
-- Installing: /home/ubuntu/abdi/install/abdi_pkg/share/ament_index/resource_index/package_run_dependencies/abdi_pkg
-- Installing: /home/ubuntu/abdi/install/abdi_pkg/share/ament_index/resource_index/parent_prefix_path/abdi_pkg
-- Installing: /home/ubuntu/abdi/install/abdi_pkg/share/abdi_pkg/environment/ament_prefix_path.sh
-- Installing: /home/ubuntu/abdi/install/abdi_pkg/share/abdi_pkg/environment/ament_prefix_path.dsv
-- Installing: /home/ubuntu/abdi/install/abdi_pkg/share/abdi_pkg/environment/path.sh
-- Installing: /home/ubuntu/abdi/install/abdi_pkg/share/abdi_pkg/environment/path.dsv
-- Installing: /home/ubuntu/abdi/install/abdi_pkg/share/abdi_pkg/local_setup.bash
-- Installing: /home/ubuntu/abdi/install/abdi_pkg/share/abdi_pkg/local_setup.sh
-- Installing: /home/ubuntu/abdi/install/abdi_pkg/share/abdi_pkg/local_setup.zsh
-- Installing: /home/ubuntu/abdi/install/abdi_pkg/share/abdi_pkg/local_setup.dsv
-- Installing: /home/ubuntu/abdi/install/abdi_pkg/share/abdi_pkg/package.dsv
-- Installing: /home/ubuntu/abdi/install/abdi_pkg/share/ament_index/resource_index/packages/abdi_pkg
-- Installing: /home/ubuntu/abdi/install/abdi_pkg/share/abdi_pkg/cmake/abdi_pkgConfig.cmake
-- Installing: /home/ubuntu/abdi/install/abdi_pkg/share/abdi_pkg/cmake/abdi_pkgConfig-version.cmake
-- Installing: /home/ubuntu/abdi/install/abdi_pkg/share/abdi_pkg/package.xml
