[0.675s] DEBUG:colcon:Command line arguments: ['/usr/bin/colcon', 'build']
[0.675s] DEBUG:colcon:Parsed command line arguments: Namespace(log_base=None, log_level=None, verb_name='build', build_base='build', install_base='install', merge_install=False, symlink_install=False, test_result_base=None, continue_on_error=False, executor='parallel', parallel_workers=4, event_handlers=None, ignore_user_meta=False, metas=['./colcon.meta'], base_paths=['.'], packages_ignore=None, packages_ignore_regex=None, paths=None, packages_up_to=None, packages_up_to_regex=None, packages_above=None, packages_above_and_dependencies=None, packages_above_depth=None, packages_select_by_dep=None, packages_skip_by_dep=None, packages_skip_up_to=None, packages_select_build_failed=False, packages_skip_build_finished=False, packages_select_test_failures=False, packages_skip_test_passed=False, packages_select=None, packages_skip=None, packages_select_regex=None, packages_skip_regex=None, packages_start=None, packages_end=None, cmake_args=None, cmake_target=None, cmake_target_skip_unavailable=False, cmake_clean_cache=False, cmake_clean_first=False, cmake_force_configure=False, ament_cmake_args=None, catkin_cmake_args=None, catkin_skip_building_tests=False, verb_parser=<colcon_defaults.argument_parser.defaults.DefaultArgumentsDecorator object at 0xffff97555ac0>, verb_extension=<colcon_core.verb.build.BuildVerb object at 0xffff974d7860>, main=<bound method BuildVerb.main of <colcon_core.verb.build.BuildVerb object at 0xffff974d7860>>)
[0.927s] Level 1:colcon.colcon_core.package_discovery:discover_packages(colcon_meta) check parameters
[0.928s] Level 1:colcon.colcon_core.package_discovery:discover_packages(recursive) check parameters
[0.928s] Level 1:colcon.colcon_core.package_discovery:discover_packages(ignore) check parameters
[0.929s] Level 1:colcon.colcon_core.package_discovery:discover_packages(path) check parameters
[0.929s] Level 1:colcon.colcon_core.package_discovery:discover_packages(colcon_meta) discover
[0.929s] Level 1:colcon.colcon_core.package_discovery:discover_packages(recursive) discover
[0.930s] INFO:colcon.colcon_core.package_discovery:Crawling recursively for packages in '/home/ubuntu/abdi'
[0.930s] Level 1:colcon.colcon_core.package_identification:_identify(.) by extensions ['ignore', 'ignore_ament_install']
[0.931s] Level 1:colcon.colcon_core.package_identification:_identify(.) by extension 'ignore'
[0.932s] Level 1:colcon.colcon_core.package_identification:_identify(.) by extension 'ignore_ament_install'
[0.933s] Level 1:colcon.colcon_core.package_identification:_identify(.) by extensions ['colcon_pkg']
[0.933s] Level 1:colcon.colcon_core.package_identification:_identify(.) by extension 'colcon_pkg'
[0.934s] Level 1:colcon.colcon_core.package_identification:_identify(.) by extensions ['colcon_meta']
[0.934s] Level 1:colcon.colcon_core.package_identification:_identify(.) by extension 'colcon_meta'
[0.934s] Level 1:colcon.colcon_core.package_identification:_identify(.) by extensions ['ros']
[0.935s] Level 1:colcon.colcon_core.package_identification:_identify(.) by extension 'ros'
[1.079s] Level 1:colcon.colcon_core.package_identification:_identify(.) by extensions ['cmake', 'python']
[1.080s] Level 1:colcon.colcon_core.package_identification:_identify(.) by extension 'cmake'
[1.080s] Level 1:colcon.colcon_core.package_identification:_identify(.) by extension 'python'
[1.080s] Level 1:colcon.colcon_core.package_identification:_identify(.) by extensions ['python_setup_py']
[1.080s] Level 1:colcon.colcon_core.package_identification:_identify(.) by extension 'python_setup_py'
[1.081s] Level 1:colcon.colcon_core.package_identification:_identify(build) by extensions ['ignore', 'ignore_ament_install']
[1.081s] Level 1:colcon.colcon_core.package_identification:_identify(build) by extension 'ignore'
[1.082s] Level 1:colcon.colcon_core.package_identification:_identify(build) ignored
[1.083s] Level 1:colcon.colcon_core.package_identification:_identify(install) by extensions ['ignore', 'ignore_ament_install']
[1.084s] Level 1:colcon.colcon_core.package_identification:_identify(install) by extension 'ignore'
[1.084s] Level 1:colcon.colcon_core.package_identification:_identify(install) ignored
[1.085s] Level 1:colcon.colcon_core.package_identification:_identify(log) by extensions ['ignore', 'ignore_ament_install']
[1.086s] Level 1:colcon.colcon_core.package_identification:_identify(log) by extension 'ignore'
[1.086s] Level 1:colcon.colcon_core.package_identification:_identify(log) ignored
[1.087s] Level 1:colcon.colcon_core.package_identification:_identify(src) by extensions ['ignore', 'ignore_ament_install']
[1.088s] Level 1:colcon.colcon_core.package_identification:_identify(src) by extension 'ignore'
[1.088s] Level 1:colcon.colcon_core.package_identification:_identify(src) by extension 'ignore_ament_install'
[1.089s] Level 1:colcon.colcon_core.package_identification:_identify(src) by extensions ['colcon_pkg']
[1.089s] Level 1:colcon.colcon_core.package_identification:_identify(src) by extension 'colcon_pkg'
[1.089s] Level 1:colcon.colcon_core.package_identification:_identify(src) by extensions ['colcon_meta']
[1.089s] Level 1:colcon.colcon_core.package_identification:_identify(src) by extension 'colcon_meta'
[1.090s] Level 1:colcon.colcon_core.package_identification:_identify(src) by extensions ['ros']
[1.090s] Level 1:colcon.colcon_core.package_identification:_identify(src) by extension 'ros'
[1.091s] Level 1:colcon.colcon_core.package_identification:_identify(src) by extensions ['cmake', 'python']
[1.091s] Level 1:colcon.colcon_core.package_identification:_identify(src) by extension 'cmake'
[1.092s] Level 1:colcon.colcon_core.package_identification:_identify(src) by extension 'python'
[1.092s] Level 1:colcon.colcon_core.package_identification:_identify(src) by extensions ['python_setup_py']
[1.092s] Level 1:colcon.colcon_core.package_identification:_identify(src) by extension 'python_setup_py'
[1.092s] Level 1:colcon.colcon_core.package_identification:_identify(src/abdi_pkg) by extensions ['ignore', 'ignore_ament_install']
[1.093s] Level 1:colcon.colcon_core.package_identification:_identify(src/abdi_pkg) by extension 'ignore'
[1.093s] Level 1:colcon.colcon_core.package_identification:_identify(src/abdi_pkg) by extension 'ignore_ament_install'
[1.094s] Level 1:colcon.colcon_core.package_identification:_identify(src/abdi_pkg) by extensions ['colcon_pkg']
[1.094s] Level 1:colcon.colcon_core.package_identification:_identify(src/abdi_pkg) by extension 'colcon_pkg'
[1.095s] Level 1:colcon.colcon_core.package_identification:_identify(src/abdi_pkg) by extensions ['colcon_meta']
[1.095s] Level 1:colcon.colcon_core.package_identification:_identify(src/abdi_pkg) by extension 'colcon_meta'
[1.096s] Level 1:colcon.colcon_core.package_identification:_identify(src/abdi_pkg) by extensions ['ros']
[1.096s] Level 1:colcon.colcon_core.package_identification:_identify(src/abdi_pkg) by extension 'ros'
[1.110s] DEBUG:colcon.colcon_core.package_identification:Package 'src/abdi_pkg' with type 'ros.ament_cmake' and name 'abdi_pkg'
[1.111s] Level 1:colcon.colcon_core.package_discovery:discover_packages(recursive) using defaults
[1.111s] Level 1:colcon.colcon_core.package_discovery:discover_packages(ignore) discover
[1.112s] Level 1:colcon.colcon_core.package_discovery:discover_packages(ignore) using defaults
[1.112s] Level 1:colcon.colcon_core.package_discovery:discover_packages(path) discover
[1.112s] Level 1:colcon.colcon_core.package_discovery:discover_packages(path) using defaults
[1.216s] Level 5:colcon.colcon_core.verb:set package 'abdi_pkg' build argument 'cmake_args' from command line to 'None'
[1.217s] Level 5:colcon.colcon_core.verb:set package 'abdi_pkg' build argument 'cmake_target' from command line to 'None'
[1.217s] Level 5:colcon.colcon_core.verb:set package 'abdi_pkg' build argument 'cmake_target_skip_unavailable' from command line to 'False'
[1.217s] Level 5:colcon.colcon_core.verb:set package 'abdi_pkg' build argument 'cmake_clean_cache' from command line to 'False'
[1.217s] Level 5:colcon.colcon_core.verb:set package 'abdi_pkg' build argument 'cmake_clean_first' from command line to 'False'
[1.218s] Level 5:colcon.colcon_core.verb:set package 'abdi_pkg' build argument 'cmake_force_configure' from command line to 'False'
[1.218s] Level 5:colcon.colcon_core.verb:set package 'abdi_pkg' build argument 'ament_cmake_args' from command line to 'None'
[1.218s] Level 5:colcon.colcon_core.verb:set package 'abdi_pkg' build argument 'catkin_cmake_args' from command line to 'None'
[1.219s] Level 5:colcon.colcon_core.verb:set package 'abdi_pkg' build argument 'catkin_skip_building_tests' from command line to 'False'
[1.219s] DEBUG:colcon.colcon_core.verb:Building package 'abdi_pkg' with the following arguments: {'ament_cmake_args': None, 'build_base': '/home/ubuntu/abdi/build/abdi_pkg', 'catkin_cmake_args': None, 'catkin_skip_building_tests': False, 'cmake_args': None, 'cmake_clean_cache': False, 'cmake_clean_first': False, 'cmake_force_configure': False, 'cmake_target': None, 'cmake_target_skip_unavailable': False, 'install_base': '/home/ubuntu/abdi/install/abdi_pkg', 'merge_install': False, 'path': '/home/ubuntu/abdi/src/abdi_pkg', 'symlink_install': False, 'test_result_base': None}
[1.220s] INFO:colcon.colcon_core.executor:Executing jobs using 'parallel' executor
[1.224s] DEBUG:colcon.colcon_parallel_executor.executor.parallel:run_until_complete
[1.226s] INFO:colcon.colcon_ros.task.ament_cmake.build:Building ROS package in '/home/ubuntu/abdi/src/abdi_pkg' with build type 'ament_cmake'
[1.226s] INFO:colcon.colcon_cmake.task.cmake.build:Building CMake package in '/home/ubuntu/abdi/src/abdi_pkg'
[1.243s] INFO:colcon.colcon_core.plugin_system:Skipping extension 'colcon_core.shell.bat': Not used on non-Windows systems
[1.243s] DEBUG:colcon.colcon_core.shell:Skip shell extension 'dsv' for command environment
[1.314s] DEBUG:colcon.colcon_core.event_handler.log_command:Invoking command in '/home/ubuntu/abdi/build/abdi_pkg': CMAKE_PREFIX_PATH=${CMAKE_PREFIX_PATH}:/opt/ros/jazzy /usr/bin/cmake --build /home/ubuntu/abdi/build/abdi_pkg -- -j4 -l4
[48.638s] DEBUG:colcon.colcon_core.event_handler.log_command:Invoked command in '/home/ubuntu/abdi/build/abdi_pkg' returned '0': CMAKE_PREFIX_PATH=${CMAKE_PREFIX_PATH}:/opt/ros/jazzy /usr/bin/cmake --build /home/ubuntu/abdi/build/abdi_pkg -- -j4 -l4
[48.739s] DEBUG:colcon.colcon_core.event_handler.log_command:Invoking command in '/home/ubuntu/abdi/build/abdi_pkg': CMAKE_PREFIX_PATH=${CMAKE_PREFIX_PATH}:/opt/ros/jazzy /usr/bin/cmake --install /home/ubuntu/abdi/build/abdi_pkg
[48.882s] Level 1:colcon.colcon_core.environment:create_environment_scripts_only(abdi_pkg)
[48.883s] DEBUG:colcon.colcon_core.event_handler.log_command:Invoked command in '/home/ubuntu/abdi/build/abdi_pkg' returned '0': CMAKE_PREFIX_PATH=${CMAKE_PREFIX_PATH}:/opt/ros/jazzy /usr/bin/cmake --install /home/ubuntu/abdi/build/abdi_pkg
[48.905s] Level 1:colcon.colcon_core.environment:checking '/home/ubuntu/abdi/install/abdi_pkg' for CMake module files
[48.912s] Level 1:colcon.colcon_core.environment:checking '/home/ubuntu/abdi/install/abdi_pkg' for CMake config files
[48.916s] Level 1:colcon.colcon_core.shell:create_environment_hook('abdi_pkg', 'cmake_prefix_path')
[48.918s] INFO:colcon.colcon_core.shell:Creating environment descriptor '/home/ubuntu/abdi/install/abdi_pkg/share/abdi_pkg/hook/cmake_prefix_path.dsv'
[48.924s] INFO:colcon.colcon_core.shell:Creating environment hook '/home/ubuntu/abdi/install/abdi_pkg/share/abdi_pkg/hook/cmake_prefix_path.sh'
[48.933s] Level 1:colcon.colcon_core.environment:checking '/home/ubuntu/abdi/install/abdi_pkg/lib'
[48.934s] Level 1:colcon.colcon_core.environment:checking '/home/ubuntu/abdi/install/abdi_pkg/bin'
[48.935s] Level 1:colcon.colcon_core.environment:checking '/home/ubuntu/abdi/install/abdi_pkg/lib/pkgconfig/abdi_pkg.pc'
[48.949s] Level 1:colcon.colcon_core.environment:checking '/home/ubuntu/abdi/install/abdi_pkg/lib/python3.12/site-packages'
[48.951s] Level 1:colcon.colcon_core.environment:checking '/home/ubuntu/abdi/install/abdi_pkg/bin'
[48.953s] INFO:colcon.colcon_core.shell:Creating package descriptor '/home/ubuntu/abdi/install/abdi_pkg/share/abdi_pkg/package.dsv'
[48.959s] INFO:colcon.colcon_core.shell:Creating package script '/home/ubuntu/abdi/install/abdi_pkg/share/abdi_pkg/package.sh'
[48.966s] INFO:colcon.colcon_core.shell:Creating package script '/home/ubuntu/abdi/install/abdi_pkg/share/abdi_pkg/package.bash'
[48.975s] INFO:colcon.colcon_core.shell:Creating package script '/home/ubuntu/abdi/install/abdi_pkg/share/abdi_pkg/package.zsh'
[48.981s] Level 1:colcon.colcon_core.environment:create_file_with_runtime_dependencies(/home/ubuntu/abdi/install/abdi_pkg/share/colcon-core/packages/abdi_pkg)
[48.988s] Level 1:colcon.colcon_core.environment:create_environment_scripts_only(abdi_pkg)
[48.989s] Level 1:colcon.colcon_core.environment:checking '/home/ubuntu/abdi/install/abdi_pkg' for CMake module files
[48.995s] Level 1:colcon.colcon_core.environment:checking '/home/ubuntu/abdi/install/abdi_pkg' for CMake config files
[48.998s] Level 1:colcon.colcon_core.shell:create_environment_hook('abdi_pkg', 'cmake_prefix_path')
[48.999s] INFO:colcon.colcon_core.shell:Creating environment descriptor '/home/ubuntu/abdi/install/abdi_pkg/share/abdi_pkg/hook/cmake_prefix_path.dsv'
[49.002s] INFO:colcon.colcon_core.shell:Creating environment hook '/home/ubuntu/abdi/install/abdi_pkg/share/abdi_pkg/hook/cmake_prefix_path.sh'
[49.009s] Level 1:colcon.colcon_core.environment:checking '/home/ubuntu/abdi/install/abdi_pkg/lib'
[49.010s] Level 1:colcon.colcon_core.environment:checking '/home/ubuntu/abdi/install/abdi_pkg/bin'
[49.011s] Level 1:colcon.colcon_core.environment:checking '/home/ubuntu/abdi/install/abdi_pkg/lib/pkgconfig/abdi_pkg.pc'
[49.013s] Level 1:colcon.colcon_core.environment:checking '/home/ubuntu/abdi/install/abdi_pkg/lib/python3.12/site-packages'
[49.014s] Level 1:colcon.colcon_core.environment:checking '/home/ubuntu/abdi/install/abdi_pkg/bin'
[49.016s] INFO:colcon.colcon_core.shell:Creating package descriptor '/home/ubuntu/abdi/install/abdi_pkg/share/abdi_pkg/package.dsv'
[49.020s] INFO:colcon.colcon_core.shell:Creating package script '/home/ubuntu/abdi/install/abdi_pkg/share/abdi_pkg/package.sh'
[49.024s] INFO:colcon.colcon_core.shell:Creating package script '/home/ubuntu/abdi/install/abdi_pkg/share/abdi_pkg/package.bash'
[49.029s] INFO:colcon.colcon_core.shell:Creating package script '/home/ubuntu/abdi/install/abdi_pkg/share/abdi_pkg/package.zsh'
[49.033s] Level 1:colcon.colcon_core.environment:create_file_with_runtime_dependencies(/home/ubuntu/abdi/install/abdi_pkg/share/colcon-core/packages/abdi_pkg)
[49.036s] DEBUG:colcon.colcon_parallel_executor.executor.parallel:closing loop
[49.038s] DEBUG:colcon.colcon_parallel_executor.executor.parallel:loop closed
[49.041s] DEBUG:colcon.colcon_parallel_executor.executor.parallel:run_until_complete finished with '0'
[49.041s] DEBUG:colcon.colcon_core.event_reactor:joining thread
[49.083s] INFO:colcon.colcon_core.plugin_system:Skipping extension 'colcon_notification.desktop_notification.notify_send': Could not find 'notify-send'
[49.084s] INFO:colcon.colcon_core.plugin_system:Skipping extension 'colcon_notification.desktop_notification.terminal_notifier': Not used on non-Darwin systems
[49.085s] INFO:colcon.colcon_core.plugin_system:Skipping extension 'colcon_notification.desktop_notification.win32': Not used on non-Windows systems
[49.085s] INFO:colcon.colcon_notification.desktop_notification:Sending desktop notification using 'notify2'
[49.091s] DEBUG:colcon.colcon_notification.desktop_notification.notify2:Failed to initialize notify2: org.freedesktop.DBus.Error.ServiceUnknown: The name org.freedesktop.Notifications was not provided by any .service files
[49.092s] DEBUG:colcon.colcon_core.event_reactor:joined thread
[49.095s] INFO:colcon.colcon_core.shell:Creating prefix script '/home/ubuntu/abdi/install/local_setup.sh'
[49.101s] INFO:colcon.colcon_core.shell:Creating prefix util module '/home/ubuntu/abdi/install/_local_setup_util_sh.py'
[49.111s] INFO:colcon.colcon_core.shell:Creating prefix chain script '/home/ubuntu/abdi/install/setup.sh'
[49.118s] INFO:colcon.colcon_core.shell:Creating prefix script '/home/ubuntu/abdi/install/local_setup.bash'
[49.125s] INFO:colcon.colcon_core.shell:Creating prefix chain script '/home/ubuntu/abdi/install/setup.bash'
[49.135s] INFO:colcon.colcon_core.shell:Creating prefix script '/home/ubuntu/abdi/install/local_setup.zsh'
[49.140s] INFO:colcon.colcon_core.shell:Creating prefix chain script '/home/ubuntu/abdi/install/setup.zsh'
